C:\Program Files\Microsoft Visual Studio\2022\Community\MSBuild\Microsoft\VC\v170\Microsoft.CppBuild.targets(1098,5): warning MSB8027: Two or more files with the name of Boot.cpp will produce outputs to the same location. This can lead to an incorrect build result.  The files involved are Source\Applications\Boot.cpp, Source\env\MINGW\Boot.cpp, Source\env\UBUNTU\Boot.cpp, Source\env_UBUNTU(new)\Boot.cpp, samples\src\debugger_arm\boot.cpp, samples\src\debugger_x86debug\boot.cpp, samples\src\debugger_x86\boot.cpp, samples\src\gui_arm\boot.cpp, samples\src\gui_x86debug\boot.cpp, samples\src\gui_x86\boot.cpp, Tests\Boot.cpp.
C:\Program Files\Microsoft Visual Studio\2022\Community\MSBuild\Microsoft\VC\v170\Microsoft.CppBuild.targets(1098,5): warning MSB8027: Two or more files with the name of Shell.cpp will produce outputs to the same location. This can lead to an incorrect build result.  The files involved are Source\Applications\Shell.cpp, Source\System\Shell.cpp.
C:\Program Files\Microsoft Visual Studio\2022\Community\MSBuild\Microsoft\VC\v170\Microsoft.CppBuild.targets(1098,5): warning MSB8027: Two or more files with the name of BIOS.cpp will produce outputs to the same location. This can lead to an incorrect build result.  The files involved are Source\env\MINGW\BIOS\BIOS.cpp, Source\env\UBUNTU\BIOS\BIOS.cpp, Source\env_UBUNTU(new)\BIOS.cpp.
C:\Program Files\Microsoft Visual Studio\2022\Community\MSBuild\Microsoft\VC\v170\Microsoft.CppBuild.targets(1098,5): warning MSB8027: Two or more files with the name of POST.cpp will produce outputs to the same location. This can lead to an incorrect build result.  The files involved are Source\env\MINGW\BIOS\POST.cpp, Source\env\UBUNTU\BIOS\POST.cpp, Source\env_UBUNTU(new)\POST.cpp.
C:\Program Files\Microsoft Visual Studio\2022\Community\MSBuild\Microsoft\VC\v170\Microsoft.CppBuild.targets(1098,5): warning MSB8027: Two or more files with the name of Actions.cpp will produce outputs to the same location. This can lead to an incorrect build result.  The files involved are Source\env\MINGW\Drivers\File\Actions.cpp, Source\env\MINGW\Drivers\Keyboard\Actions.cpp, Source\env\MINGW\Drivers\Screen\Actions.cpp, Source\env\UBUNTU\Drivers\File\Actions.cpp, Source\env\UBUNTU\Drivers\Keyboard\Actions.cpp, Source\env\UBUNTU\Drivers\Screen\Actions.cpp, Source\ELSA\Actions.cpp.
C:\Program Files\Microsoft Visual Studio\2022\Community\MSBuild\Microsoft\VC\v170\Microsoft.CppBuild.targets(1098,5): warning MSB8027: Two or more files with the name of Commands.cpp will produce outputs to the same location. This can lead to an incorrect build result.  The files involved are Source\env\MINGW\Drivers\File\Commands.cpp, Source\env\MINGW\Drivers\Keyboard\Commands.cpp, Source\env\MINGW\Drivers\Screen\Commands.cpp, Source\env\UBUNTU\Drivers\File\Commands.cpp, Source\env\UBUNTU\Drivers\Keyboard\Commands.cpp, Source\env\UBUNTU\Drivers\Screen\Commands.cpp.
C:\Program Files\Microsoft Visual Studio\2022\Community\MSBuild\Microsoft\VC\v170\Microsoft.CppBuild.targets(1098,5): warning MSB8027: Two or more files with the name of Driver.cpp will produce outputs to the same location. This can lead to an incorrect build result.  The files involved are Source\env\MINGW\Drivers\File\Driver.cpp, Source\env\MINGW\Drivers\Keyboard\Driver.cpp, Source\env\MINGW\Drivers\Screen\Driver.cpp, Source\env\UBUNTU\Drivers\File\Driver.cpp, Source\env\UBUNTU\Drivers\Keyboard\Driver.cpp, Source\env\UBUNTU\Drivers\Screen\Driver.cpp.
C:\Program Files\Microsoft Visual Studio\2022\Community\MSBuild\Microsoft\VC\v170\Microsoft.CppBuild.targets(1098,5): warning MSB8027: Two or more files with the name of Loader.cpp will produce outputs to the same location. This can lead to an incorrect build result.  The files involved are Source\env\MINGW\Drivers\File\Loader.cpp, Source\env\MINGW\Drivers\Keyboard\Loader.cpp, Source\env\MINGW\Drivers\Screen\Loader.cpp, Source\env\UBUNTU\Drivers\File\Loader.cpp, Source\env\UBUNTU\Drivers\Keyboard\Loader.cpp, Source\env\UBUNTU\Drivers\Screen\Loader.cpp.
C:\Program Files\Microsoft Visual Studio\2022\Community\MSBuild\Microsoft\VC\v170\Microsoft.CppBuild.targets(1098,5): warning MSB8027: Two or more files with the name of Manifests.cpp will produce outputs to the same location. This can lead to an incorrect build result.  The files involved are Source\env\MINGW\Drivers\Manifests.cpp, Source\env\UBUNTU\Drivers\Manifests.cpp.
C:\Program Files\Microsoft Visual Studio\2022\Community\MSBuild\Microsoft\VC\v170\Microsoft.CppBuild.targets(1098,5): warning MSB8027: Two or more files with the name of File.cpp will produce outputs to the same location. This can lead to an incorrect build result.  The files involved are Source\env\MINGW\Plugins\File.cpp, Source\env\UBUNTU\Plugins\File.cpp, Source\env_EMULATOR\File.cpp, Source\env (old)\File.cpp, Source\env_MINGW64\File.cpp, Source\env_UBUNTU (old)\File.cpp, Source\env_UBUNTU(new)\File.cpp, Source\File\File.cpp.
C:\Program Files\Microsoft Visual Studio\2022\Community\MSBuild\Microsoft\VC\v170\Microsoft.CppBuild.targets(1098,5): warning MSB8027: Two or more files with the name of Input.cpp will produce outputs to the same location. This can lead to an incorrect build result.  The files involved are Source\env\MINGW\Plugins\Input.cpp, Source\env\UBUNTU\Plugins\Input.cpp.
C:\Program Files\Microsoft Visual Studio\2022\Community\MSBuild\Microsoft\VC\v170\Microsoft.CppBuild.targets(1098,5): warning MSB8027: Two or more files with the name of Memory.cpp will produce outputs to the same location. This can lead to an incorrect build result.  The files involved are Source\env\MINGW\Plugins\Memory.cpp, Source\env\UBUNTU\Plugins\Memory.cpp, Source\env_EMULATOR\Memory.cpp, Source\env (old)\Memory.cpp, Source\env_MINGW64\Memory.cpp, Source\env_UBUNTU (old)\Memory.cpp, Source\env_UBUNTU(new)\Memory.cpp.
C:\Program Files\Microsoft Visual Studio\2022\Community\MSBuild\Microsoft\VC\v170\Microsoft.CppBuild.targets(1098,5): warning MSB8027: Two or more files with the name of Time.cpp will produce outputs to the same location. This can lead to an incorrect build result.  The files involved are Source\env\MINGW\Plugins\Time.cpp, Source\env\UBUNTU\Plugins\Time.cpp, Source\env_EMULATOR\Time.cpp, Source\env (old)\Time.cpp, Source\env_MINGW64\Time.cpp, Source\env_UBUNTU (old)\Time.cpp, Source\env_UBUNTU(new)\Time.cpp.
C:\Program Files\Microsoft Visual Studio\2022\Community\MSBuild\Microsoft\VC\v170\Microsoft.CppBuild.targets(1098,5): warning MSB8027: Two or more files with the name of Records.cpp will produce outputs to the same location. This can lead to an incorrect build result.  The files involved are Source\env\MINGW\UEFI\Records.cpp, Source\env\UBUNTU\UEFI\Records.cpp.
C:\Program Files\Microsoft Visual Studio\2022\Community\MSBuild\Microsoft\VC\v170\Microsoft.CppBuild.targets(1098,5): warning MSB8027: Two or more files with the name of UEFI.cpp will produce outputs to the same location. This can lead to an incorrect build result.  The files involved are Source\env\MINGW\UEFI\UEFI.cpp, Source\env\UBUNTU\UEFI\UEFI.cpp, Source\env_UBUNTU (old)\UEFI.cpp, Source\env_UBUNTU(new)\UEFI.cpp.
C:\Program Files\Microsoft Visual Studio\2022\Community\MSBuild\Microsoft\VC\v170\Microsoft.CppBuild.targets(1098,5): warning MSB8027: Two or more files with the name of Dir.cpp will produce outputs to the same location. This can lead to an incorrect build result.  The files involved are Source\env_EMULATOR\Dir.cpp, Source\env (old)\Dir.cpp, Source\env_MINGW64\Dir.cpp, Source\env_UBUNTU (old)\Dir.cpp, Source\File\Dir.cpp.
C:\Program Files\Microsoft Visual Studio\2022\Community\MSBuild\Microsoft\VC\v170\Microsoft.CppBuild.targets(1098,5): warning MSB8027: Two or more files with the name of Graphics.cpp will produce outputs to the same location. This can lead to an incorrect build result.  The files involved are Source\env_EMULATOR\Graphics.cpp, Source\env (old)\Graphics.cpp, Source\env_MINGW64\Graphics.cpp, Source\env_UBUNTU (old)\Graphics.cpp, Source\env_UBUNTU(new)\Graphics.cpp.
C:\Program Files\Microsoft Visual Studio\2022\Community\MSBuild\Microsoft\VC\v170\Microsoft.CppBuild.targets(1098,5): warning MSB8027: Two or more files with the name of Start.cpp will produce outputs to the same location. This can lead to an incorrect build result.  The files involved are Source\env_EMULATOR\Start.cpp, Source\env_MINGW64\Start.cpp, Source\env_UBUNTU (old)\Start.cpp, Source\env (old)\Start.cpp.
C:\Program Files\Microsoft Visual Studio\2022\Community\MSBuild\Microsoft\VC\v170\Microsoft.CppBuild.targets(1098,5): warning MSB8027: Two or more files with the name of tterm.cpp will produce outputs to the same location. This can lead to an incorrect build result.  The files involved are Source\env_EMULATOR\tterm.cpp, Source\env (old)\tterm.cpp, Source\env_MINGW64\tterm.cpp, Source\env_UBUNTU (old)\tterm.cpp.
C:\Program Files\Microsoft Visual Studio\2022\Community\MSBuild\Microsoft\VC\v170\Microsoft.CppBuild.targets(1098,5): warning MSB8027: Two or more files with the name of DaemonManifest.cpp will produce outputs to the same location. This can lead to an incorrect build result.  The files involved are Source\env_UBUNTU (old)\DaemonManifest.cpp, Source\env_UBUNTU(new)\DaemonManifest.cpp.
C:\Program Files\Microsoft Visual Studio\2022\Community\MSBuild\Microsoft\VC\v170\Microsoft.CppBuild.targets(1098,5): warning MSB8027: Two or more files with the name of Terminal.cpp will produce outputs to the same location. This can lead to an incorrect build result.  The files involved are Source\env_UBUNTU (old)\Terminal.cpp, Source\env_UBUNTU(new)\Terminal.cpp.
C:\Program Files\Microsoft Visual Studio\2022\Community\MSBuild\Microsoft\VC\v170\Microsoft.CppBuild.targets(1098,5): warning MSB8027: Two or more files with the name of BootRecords.cpp will produce outputs to the same location. This can lead to an incorrect build result.  The files involved are Source\env_UBUNTU(new)\BootRecords.cpp, Source\System\BootRecords.cpp.
C:\Program Files\Microsoft Visual Studio\2022\Community\MSBuild\Microsoft\VC\v170\Microsoft.CppBuild.targets(1098,5): warning MSB8027: Two or more files with the name of Lexer.cpp will produce outputs to the same location. This can lead to an incorrect build result.  The files involved are Source\Lexer\Lexer.cpp, Source\Lexer.bak\Lexer.cpp, Source\Parser\Lexer.cpp.
C:\Program Files\Microsoft Visual Studio\2022\Community\MSBuild\Microsoft\VC\v170\Microsoft.CppBuild.targets(1098,5): warning MSB8027: Two or more files with the name of LuaElf.cpp will produce outputs to the same location. This can lead to an incorrect build result.  The files involved are Source\Lexer\LuaElf.cpp, Source\Lexer.bak\LuaElf.cpp.
C:\Program Files\Microsoft Visual Studio\2022\Community\MSBuild\Microsoft\VC\v170\Microsoft.CppBuild.targets(1098,5): warning MSB8027: Two or more files with the name of LuaLexer.cpp will produce outputs to the same location. This can lead to an incorrect build result.  The files involved are Source\Lexer\LuaLexer.cpp, Source\Lexer.bak\LuaLexer.cpp.
C:\Program Files\Microsoft Visual Studio\2022\Community\MSBuild\Microsoft\VC\v170\Microsoft.CppBuild.targets(1098,5): warning MSB8027: Two or more files with the name of GraphicsDriver.cpp will produce outputs to the same location. This can lead to an incorrect build result.  The files involved are samples\src\debugger_arm\GraphicsDriver.cpp, samples\src\debugger_x86debug\GraphicsDriver.cpp, samples\src\debugger_x86\GraphicsDriver.cpp, samples\src\gui_arm\GraphicsDriver.cpp, samples\src\gui_x86debug\GraphicsDriver.cpp, samples\src\gui_x86\GraphicsDriver.cpp.
C:\Program Files\Microsoft Visual Studio\2022\Community\MSBuild\Microsoft\VC\v170\Microsoft.CppBuild.targets(1098,5): warning MSB8027: Two or more files with the name of IO.cpp will produce outputs to the same location. This can lead to an incorrect build result.  The files involved are samples\src\debugger_arm\IO.cpp, samples\src\debugger_x86debug\IO.cpp, samples\src\debugger_x86\IO.cpp, samples\src\gui_arm\IO.cpp, samples\src\gui_x86debug\IO.cpp, samples\src\gui_x86\IO.cpp, samples\src\lpp_x86debug\IO.cpp, samples\src\lpp_x86\IO.cpp.
C:\Program Files\Microsoft Visual Studio\2022\Community\MSBuild\Microsoft\VC\v170\Microsoft.CppBuild.targets(1098,5): warning MSB8027: Two or more files with the name of lpp.cpp will produce outputs to the same location. This can lead to an incorrect build result.  The files involved are samples\src\lpp_x86debug\lpp.cpp, samples\src\lpp_x86\lpp.cpp.
C:\Program Files\Microsoft Visual Studio\2022\Community\MSBuild\Microsoft\VC\v170\Microsoft.CppBuild.targets(1098,5): warning MSB8027: Two or more files with the name of Configuration.cpp will produce outputs to the same location. This can lead to an incorrect build result.  The files involved are Source\OS\BBPOSIX\Configuration.cpp, Source\OS\Windowse20\Configuration.cpp.
C:\Program Files\Microsoft Visual Studio\2022\Community\MSBuild\Microsoft\VC\v170\Microsoft.CppBuild.targets(1098,5): warning MSB8027: Two or more files with the name of Entry.cpp will produce outputs to the same location. This can lead to an incorrect build result.  The files involved are Source\OS\BBPOSIX\Entry.cpp, Source\OS\Windowse20\Entry.cpp.
C:\Program Files\Microsoft Visual Studio\2022\Community\MSBuild\Microsoft\VC\v170\Microsoft.CppBuild.targets(1098,5): warning MSB8027: Two or more files with the name of Registry.cpp will produce outputs to the same location. This can lead to an incorrect build result.  The files involved are Source\OS\BBPOSIX\Registry.cpp, Source\OS\Windowse20\Registry.cpp.
C:\Program Files\Microsoft Visual Studio\2022\Community\MSBuild\Microsoft\VC\v170\Microsoft.CppBuild.targets(1098,5): warning MSB8027: Two or more files with the name of Except.cpp will produce outputs to the same location. This can lead to an incorrect build result.  The files involved are Source\stdlib\Except.cpp, Source\stdlib_new\Except.cpp.
C:\Program Files\Microsoft Visual Studio\2022\Community\MSBuild\Microsoft\VC\v170\Microsoft.CppBuild.targets(1098,5): warning MSB8027: Two or more files with the name of Strings.cpp will produce outputs to the same location. This can lead to an incorrect build result.  The files involved are Source\stdlib\Strings.cpp, Source\stdlib_new\Strings.cpp.
  badapple.cpp
C:\Users\stran\Documents\23IN01\Design\Software\BBP\Source\include\ELF32.h(182,19): warning C5208: unnamed class used in typedef name cannot declare members other than non-static data members, member enumerations, or member classes
C:\Users\stran\Documents\23IN01\Design\Software\BBP\Source\include\ELF32.h(193,19): warning C5208: unnamed class used in typedef name cannot declare members other than non-static data members, member enumerations, or member classes
C:\Users\stran\Documents\23IN01\Design\Software\BBP\Source\include\ELF32.h(212,19): warning C5208: unnamed class used in typedef name cannot declare members other than non-static data members, member enumerations, or member classes
  Boot.cpp
C:\Users\stran\Documents\23IN01\Design\Software\BBP\Source\include\ELF32.h(182,19): warning C5208: unnamed class used in typedef name cannot declare members other than non-static data members, member enumerations, or member classes
C:\Users\stran\Documents\23IN01\Design\Software\BBP\Source\include\ELF32.h(193,19): warning C5208: unnamed class used in typedef name cannot declare members other than non-static data members, member enumerations, or member classes
C:\Users\stran\Documents\23IN01\Design\Software\BBP\Source\include\ELF32.h(212,19): warning C5208: unnamed class used in typedef name cannot declare members other than non-static data members, member enumerations, or member classes
  L++.cpp
  Logout.cpp
C:\Users\stran\Documents\23IN01\Design\Software\BBP\Source\include\ELF32.h(182,19): warning C5208: unnamed class used in typedef name cannot declare members other than non-static data members, member enumerations, or member classes
C:\Users\stran\Documents\23IN01\Design\Software\BBP\Source\include\ELF32.h(193,19): warning C5208: unnamed class used in typedef name cannot declare members other than non-static data members, member enumerations, or member classes
C:\Users\stran\Documents\23IN01\Design\Software\BBP\Source\include\ELF32.h(212,19): warning C5208: unnamed class used in typedef name cannot declare members other than non-static data members, member enumerations, or member classes
  neofetch.cpp
C:\Users\stran\Documents\23IN01\Design\Software\BBP\Source\include\ELF32.h(182,19): warning C5208: unnamed class used in typedef name cannot declare members other than non-static data members, member enumerations, or member classes
C:\Users\stran\Documents\23IN01\Design\Software\BBP\Source\include\ELF32.h(193,19): warning C5208: unnamed class used in typedef name cannot declare members other than non-static data members, member enumerations, or member classes
C:\Users\stran\Documents\23IN01\Design\Software\BBP\Source\include\ELF32.h(212,19): warning C5208: unnamed class used in typedef name cannot declare members other than non-static data members, member enumerations, or member classes
  Shell.cpp
C:\Users\stran\Documents\23IN01\Design\Software\BBP\Source\include\ELF32.h(182,19): warning C5208: unnamed class used in typedef name cannot declare members other than non-static data members, member enumerations, or member classes
C:\Users\stran\Documents\23IN01\Design\Software\BBP\Source\include\ELF32.h(193,19): warning C5208: unnamed class used in typedef name cannot declare members other than non-static data members, member enumerations, or member classes
C:\Users\stran\Documents\23IN01\Design\Software\BBP\Source\include\ELF32.h(212,19): warning C5208: unnamed class used in typedef name cannot declare members other than non-static data members, member enumerations, or member classes
C:\Users\stran\Documents\23IN01\Design\Software\BBP\Source\Applications\Shell.cpp(142,25): warning C4129: 'e': unrecognized character escape sequence
C:\Users\stran\Documents\23IN01\Design\Software\BBP\Source\Applications\Shell.cpp(142,45): warning C4129: 'e': unrecognized character escape sequence
C:\Users\stran\Documents\23IN01\Design\Software\BBP\Source\Applications\Shell.cpp(165,37): warning C4129: 'e': unrecognized character escape sequence
C:\Users\stran\Documents\23IN01\Design\Software\BBP\Source\Applications\Shell.cpp(165,57): warning C4129: 'e': unrecognized character escape sequence
  Smile.cpp
C:\Users\stran\Documents\23IN01\Design\Software\BBP\Source\include\ELF32.h(182,19): warning C5208: unnamed class used in typedef name cannot declare members other than non-static data members, member enumerations, or member classes
C:\Users\stran\Documents\23IN01\Design\Software\BBP\Source\include\ELF32.h(193,19): warning C5208: unnamed class used in typedef name cannot declare members other than non-static data members, member enumerations, or member classes
C:\Users\stran\Documents\23IN01\Design\Software\BBP\Source\include\ELF32.h(212,19): warning C5208: unnamed class used in typedef name cannot declare members other than non-static data members, member enumerations, or member classes
C:\Users\stran\Documents\23IN01\Design\Software\BBP\Source\Applications\Smile.cpp(174,15): warning C4129: 'e': unrecognized character escape sequence
C:\Users\stran\Documents\23IN01\Design\Software\BBP\Source\Applications\Smile.cpp(184,15): warning C4129: 'e': unrecognized character escape sequence
C:\Users\stran\Documents\23IN01\Design\Software\BBP\Source\Applications\Smile.cpp(194,15): warning C4129: 'e': unrecognized character escape sequence
C:\Users\stran\Documents\23IN01\Design\Software\BBP\Source\Applications\Smile.cpp(207,14): warning C4129: 'e': unrecognized character escape sequence
  compd.cpp
  execd.cpp
  filed.cpp
  hwiod.cpp
  initd.cpp
  linkd.cpp
  resxd.cpp
  utild.cpp
  wmand.cpp
  BIOS.cpp
  POST.cpp
  Boot.cpp
  Actions.cpp
C:\Users\stran\Documents\23IN01\Design\Software\BBP\Source\include\ELF32.h(182,19): warning C5208: unnamed class used in typedef name cannot declare members other than non-static data members, member enumerations, or member classes
C:\Users\stran\Documents\23IN01\Design\Software\BBP\Source\include\ELF32.h(193,19): warning C5208: unnamed class used in typedef name cannot declare members other than non-static data members, member enumerations, or member classes
C:\Users\stran\Documents\23IN01\Design\Software\BBP\Source\include\ELF32.h(212,19): warning C5208: unnamed class used in typedef name cannot declare members other than non-static data members, member enumerations, or member classes
  Generating Code...
C:\Users\stran\Documents\23IN01\Design\Software\BBP\Source\env\MINGW\Drivers\File\Actions.cpp(8): error C4716: 'Environment::Drivers::Filesystem::sendDataToFileSystem': must return a value
C:\Users\stran\Documents\23IN01\Design\Software\BBP\Source\env\MINGW\Drivers\File\Actions.cpp(13): error C4716: 'Environment::Drivers::Filesystem::receiveDataFromFileSystem': must return a value
C:\Users\stran\Documents\23IN01\Design\Software\BBP\Source\env\MINGW\Boot.cpp(63): error C4716: 'SDL_main': must return a value
C:\Users\stran\Documents\23IN01\Design\Software\BBP\Source\env\MINGW\Boot.cpp(92): warning C4715: 'init': not all control paths return a value
C:\Users\stran\Documents\23IN01\Design\Software\BBP\Source\Daemons\initd.cpp(42): warning C4715: 'BBP::system::initd::functorFunctor': not all control paths return a value
C:\Users\stran\Documents\23IN01\Design\Software\BBP\Source\Applications\neofetch.cpp(57): error C4716: 'BBP::neofetch_main': must return a value
C:\Users\stran\Documents\23IN01\Design\Software\BBP\Source\Applications\Logout.cpp(13): error C4716: 'BBP::logout_main': must return a value
  Compiling...
  Commands.cpp
C:\Users\stran\Documents\23IN01\Design\Software\BBP\Source\include\ELF32.h(182,19): warning C5208: unnamed class used in typedef name cannot declare members other than non-static data members, member enumerations, or member classes
C:\Users\stran\Documents\23IN01\Design\Software\BBP\Source\include\ELF32.h(193,19): warning C5208: unnamed class used in typedef name cannot declare members other than non-static data members, member enumerations, or member classes
C:\Users\stran\Documents\23IN01\Design\Software\BBP\Source\include\ELF32.h(212,19): warning C5208: unnamed class used in typedef name cannot declare members other than non-static data members, member enumerations, or member classes
  Driver.cpp
C:\Users\stran\Documents\23IN01\Design\Software\BBP\Source\include\ELF32.h(182,19): warning C5208: unnamed class used in typedef name cannot declare members other than non-static data members, member enumerations, or member classes
C:\Users\stran\Documents\23IN01\Design\Software\BBP\Source\include\ELF32.h(193,19): warning C5208: unnamed class used in typedef name cannot declare members other than non-static data members, member enumerations, or member classes
C:\Users\stran\Documents\23IN01\Design\Software\BBP\Source\include\ELF32.h(212,19): warning C5208: unnamed class used in typedef name cannot declare members other than non-static data members, member enumerations, or member classes
  Loader.cpp
  Actions.cpp
  Commands.cpp
  Driver.cpp
  Loader.cpp
  Manifests.cpp
C:\Users\stran\Documents\23IN01\Design\Software\BBP\Source\include\ELF32.h(182,19): warning C5208: unnamed class used in typedef name cannot declare members other than non-static data members, member enumerations, or member classes
C:\Users\stran\Documents\23IN01\Design\Software\BBP\Source\include\ELF32.h(193,19): warning C5208: unnamed class used in typedef name cannot declare members other than non-static data members, member enumerations, or member classes
C:\Users\stran\Documents\23IN01\Design\Software\BBP\Source\include\ELF32.h(212,19): warning C5208: unnamed class used in typedef name cannot declare members other than non-static data members, member enumerations, or member classes
  Actions.cpp
  Commands.cpp
  Driver.cpp
  Loader.cpp
  File.cpp
  Input.cpp
  Memory.cpp
  Time.cpp
  Records.cpp
  UEFI.cpp
  BIOS.cpp
  POST.cpp
  Generating Code...
  Compiling...
  Actions.cpp
C:\Users\stran\Documents\23IN01\Design\Software\BBP\Source\include\ELF32.h(182,19): warning C5208: unnamed class used in typedef name cannot declare members other than non-static data members, member enumerations, or member classes
C:\Users\stran\Documents\23IN01\Design\Software\BBP\Source\include\ELF32.h(193,19): warning C5208: unnamed class used in typedef name cannot declare members other than non-static data members, member enumerations, or member classes
C:\Users\stran\Documents\23IN01\Design\Software\BBP\Source\include\ELF32.h(212,19): warning C5208: unnamed class used in typedef name cannot declare members other than non-static data members, member enumerations, or member classes
  Commands.cpp
C:\Users\stran\Documents\23IN01\Design\Software\BBP\Source\include\ELF32.h(182,19): warning C5208: unnamed class used in typedef name cannot declare members other than non-static data members, member enumerations, or member classes
C:\Users\stran\Documents\23IN01\Design\Software\BBP\Source\include\ELF32.h(193,19): warning C5208: unnamed class used in typedef name cannot declare members other than non-static data members, member enumerations, or member classes
C:\Users\stran\Documents\23IN01\Design\Software\BBP\Source\include\ELF32.h(212,19): warning C5208: unnamed class used in typedef name cannot declare members other than non-static data members, member enumerations, or member classes
  Driver.cpp
C:\Users\stran\Documents\23IN01\Design\Software\BBP\Source\include\ELF32.h(182,19): warning C5208: unnamed class used in typedef name cannot declare members other than non-static data members, member enumerations, or member classes
C:\Users\stran\Documents\23IN01\Design\Software\BBP\Source\include\ELF32.h(193,19): warning C5208: unnamed class used in typedef name cannot declare members other than non-static data members, member enumerations, or member classes
C:\Users\stran\Documents\23IN01\Design\Software\BBP\Source\include\ELF32.h(212,19): warning C5208: unnamed class used in typedef name cannot declare members other than non-static data members, member enumerations, or member classes
  Loader.cpp
C:\Users\stran\Documents\23IN01\Design\Software\BBP\Source\include\ELF32.h(182,19): warning C5208: unnamed class used in typedef name cannot declare members other than non-static data members, member enumerations, or member classes
C:\Users\stran\Documents\23IN01\Design\Software\BBP\Source\include\ELF32.h(193,19): warning C5208: unnamed class used in typedef name cannot declare members other than non-static data members, member enumerations, or member classes
C:\Users\stran\Documents\23IN01\Design\Software\BBP\Source\include\ELF32.h(212,19): warning C5208: unnamed class used in typedef name cannot declare members other than non-static data members, member enumerations, or member classes
  File.cpp
C:\Program Files (x86)\Windows Kits\10\Include\10.0.19041.0\ucrt\errno.h(69,1): warning C4005: 'EDEADLK': macro redefinition
C:\Users\stran\Documents\23IN01\Design\Software\BBP\Source\include\errno.h(47): message : see previous definition of 'EDEADLK'
C:\Program Files (x86)\Windows Kits\10\Include\10.0.19041.0\ucrt\errno.h(70,1): warning C4005: 'ENAMETOOLONG': macro redefinition
C:\Users\stran\Documents\23IN01\Design\Software\BBP\Source\include\errno.h(48): message : see previous definition of 'ENAMETOOLONG'
C:\Program Files (x86)\Windows Kits\10\Include\10.0.19041.0\ucrt\errno.h(71,1): warning C4005: 'ENOLCK': macro redefinition
C:\Users\stran\Documents\23IN01\Design\Software\BBP\Source\include\errno.h(49): message : see previous definition of 'ENOLCK'
C:\Program Files (x86)\Windows Kits\10\Include\10.0.19041.0\ucrt\errno.h(72,1): warning C4005: 'ENOSYS': macro redefinition
C:\Users\stran\Documents\23IN01\Design\Software\BBP\Source\include\errno.h(50): message : see previous definition of 'ENOSYS'
C:\Program Files (x86)\Windows Kits\10\Include\10.0.19041.0\ucrt\errno.h(73,1): warning C4005: 'ENOTEMPTY': macro redefinition
C:\Users\stran\Documents\23IN01\Design\Software\BBP\Source\include\errno.h(51): message : see previous definition of 'ENOTEMPTY'
C:\Program Files (x86)\Windows Kits\10\Include\10.0.19041.0\ucrt\errno.h(80,1): warning C4005: 'EILSEQ': macro redefinition
C:\Users\stran\Documents\23IN01\Design\Software\BBP\Source\include\errno.h(94): message : see previous definition of 'EILSEQ'
C:\Program Files (x86)\Windows Kits\10\Include\10.0.19041.0\ucrt\errno.h(89,1): warning C4005: 'EADDRINUSE': macro redefinition
C:\Users\stran\Documents\23IN01\Design\Software\BBP\Source\include\errno.h(108): message : see previous definition of 'EADDRINUSE'
C:\Program Files (x86)\Windows Kits\10\Include\10.0.19041.0\ucrt\errno.h(90,1): warning C4005: 'EADDRNOTAVAIL': macro redefinition
C:\Users\stran\Documents\23IN01\Design\Software\BBP\Source\include\errno.h(109): message : see previous definition of 'EADDRNOTAVAIL'
C:\Program Files (x86)\Windows Kits\10\Include\10.0.19041.0\ucrt\errno.h(91,1): warning C4005: 'EAFNOSUPPORT': macro redefinition
C:\Users\stran\Documents\23IN01\Design\Software\BBP\Source\include\errno.h(107): message : see previous definition of 'EAFNOSUPPORT'
C:\Program Files (x86)\Windows Kits\10\Include\10.0.19041.0\ucrt\errno.h(92,1): warning C4005: 'EALREADY': macro redefinition
C:\Users\stran\Documents\23IN01\Design\Software\BBP\Source\include\errno.h(124): message : see previous definition of 'EALREADY'
C:\Program Files (x86)\Windows Kits\10\Include\10.0.19041.0\ucrt\errno.h(94,1): warning C4005: 'ECANCELED': macro redefinition
C:\Users\stran\Documents\23IN01\Design\Software\BBP\Source\include\errno.h(135): message : see previous definition of 'ECANCELED'
C:\Program Files (x86)\Windows Kits\10\Include\10.0.19041.0\ucrt\errno.h(95,1): warning C4005: 'ECONNABORTED': macro redefinition
C:\Users\stran\Documents\23IN01\Design\Software\BBP\Source\include\errno.h(113): message : see previous definition of 'ECONNABORTED'
C:\Program Files (x86)\Windows Kits\10\Include\10.0.19041.0\ucrt\errno.h(96,1): warning C4005: 'ECONNREFUSED': macro redefinition
C:\Users\stran\Documents\23IN01\Design\Software\BBP\Source\include\errno.h(121): message : see previous definition of 'ECONNREFUSED'
C:\Program Files (x86)\Windows Kits\10\Include\10.0.19041.0\ucrt\errno.h(97,1): warning C4005: 'ECONNRESET': macro redefinition
C:\Users\stran\Documents\23IN01\Design\Software\BBP\Source\include\errno.h(114): message : see previous definition of 'ECONNRESET'
C:\Program Files (x86)\Windows Kits\10\Include\10.0.19041.0\ucrt\errno.h(99,1): warning C4005: 'EHOSTUNREACH': macro redefinition
C:\Users\stran\Documents\23IN01\Design\Software\BBP\Source\include\errno.h(123): message : see previous definition of 'EHOSTUNREACH'
C:\Program Files (x86)\Windows Kits\10\Include\10.0.19041.0\ucrt\errno.h(100,1): warning C4005: 'EIDRM': macro redefinition
C:\Users\stran\Documents\23IN01\Design\Software\BBP\Source\include\errno.h(54): message : see previous definition of 'EIDRM'
C:\Program Files (x86)\Windows Kits\10\Include\10.0.19041.0\ucrt\errno.h(101,1): warning C4005: 'EINPROGRESS': macro redefinition
C:\Users\stran\Documents\23IN01\Design\Software\BBP\Source\include\errno.h(125): message : see previous definition of 'EINPROGRESS'
C:\Program Files (x86)\Windows Kits\10\Include\10.0.19041.0\ucrt\errno.h(102,1): warning C4005: 'EISCONN': macro redefinition
C:\Users\stran\Documents\23IN01\Design\Software\BBP\Source\include\errno.h(116): message : see previous definition of 'EISCONN'
C:\Program Files (x86)\Windows Kits\10\Include\10.0.19041.0\ucrt\errno.h(103,1): warning C4005: 'ELOOP': macro redefinition
C:\Users\stran\Documents\23IN01\Design\Software\BBP\Source\include\errno.h(52): message : see previous definition of 'ELOOP'
C:\Program Files (x86)\Windows Kits\10\Include\10.0.19041.0\ucrt\errno.h(104,1): warning C4005: 'EMSGSIZE': macro redefinition
C:\Users\stran\Documents\23IN01\Design\Software\BBP\Source\include\errno.h(100): message : see previous definition of 'EMSGSIZE'
C:\Program Files (x86)\Windows Kits\10\Include\10.0.19041.0\ucrt\errno.h(105,1): warning C4005: 'ENETDOWN': macro redefinition
C:\Users\stran\Documents\23IN01\Design\Software\BBP\Source\include\errno.h(110): message : see previous definition of 'ENETDOWN'
C:\Program Files (x86)\Windows Kits\10\Include\10.0.19041.0\ucrt\errno.h(106,1): warning C4005: 'ENETRESET': macro redefinition
C:\Users\stran\Documents\23IN01\Design\Software\BBP\Source\include\errno.h(112): message : see previous definition of 'ENETRESET'
C:\Program Files (x86)\Windows Kits\10\Include\10.0.19041.0\ucrt\errno.h(107,1): warning C4005: 'ENETUNREACH': macro redefinition
C:\Users\stran\Documents\23IN01\Design\Software\BBP\Source\include\errno.h(111): message : see previous definition of 'ENETUNREACH'
C:\Program Files (x86)\Windows Kits\10\Include\10.0.19041.0\ucrt\errno.h(108,1): warning C4005: 'ENOBUFS': macro redefinition
C:\Users\stran\Documents\23IN01\Design\Software\BBP\Source\include\errno.h(115): message : see previous definition of 'ENOBUFS'
C:\Program Files (x86)\Windows Kits\10\Include\10.0.19041.0\ucrt\errno.h(109,1): warning C4005: 'ENODATA': macro redefinition
C:\Users\stran\Documents\23IN01\Design\Software\BBP\Source\include\errno.h(71): message : see previous definition of 'ENODATA'
C:\Program Files (x86)\Windows Kits\10\Include\10.0.19041.0\ucrt\errno.h(110,1): warning C4005: 'ENOLINK': macro redefinition
C:\Users\stran\Documents\23IN01\Design\Software\BBP\Source\include\errno.h(77): message : see previous definition of 'ENOLINK'
C:\Program Files (x86)\Windows Kits\10\Include\10.0.19041.0\ucrt\errno.h(111,1): warning C4005: 'ENOMSG': macro redefinition
C:\Users\stran\Documents\23IN01\Design\Software\BBP\Source\include\errno.h(53): message : see previous definition of 'ENOMSG'
C:\Program Files (x86)\Windows Kits\10\Include\10.0.19041.0\ucrt\errno.h(112,1): warning C4005: 'ENOPROTOOPT': macro redefinition
C:\Users\stran\Documents\23IN01\Design\Software\BBP\Source\include\errno.h(102): message : see previous definition of 'ENOPROTOOPT'
C:\Program Files (x86)\Windows Kits\10\Include\10.0.19041.0\ucrt\errno.h(113,1): warning C4005: 'ENOSR': macro redefinition
C:\Users\stran\Documents\23IN01\Design\Software\BBP\Source\include\errno.h(73): message : see previous definition of 'ENOSR'
C:\Program Files (x86)\Windows Kits\10\Include\10.0.19041.0\ucrt\errno.h(114,1): warning C4005: 'ENOSTR': macro redefinition
C:\Users\stran\Documents\23IN01\Design\Software\BBP\Source\include\errno.h(70): message : see previous definition of 'ENOSTR'
C:\Program Files (x86)\Windows Kits\10\Include\10.0.19041.0\ucrt\errno.h(115,1): warning C4005: 'ENOTCONN': macro redefinition
C:\Users\stran\Documents\23IN01\Design\Software\BBP\Source\include\errno.h(117): message : see previous definition of 'ENOTCONN'
C:\Program Files (x86)\Windows Kits\10\Include\10.0.19041.0\ucrt\errno.h(116,1): warning C4005: 'ENOTRECOVERABLE': macro redefinition
C:\Users\stran\Documents\23IN01\Design\Software\BBP\Source\include\errno.h(141): message : see previous definition of 'ENOTRECOVERABLE'
C:\Program Files (x86)\Windows Kits\10\Include\10.0.19041.0\ucrt\errno.h(117,1): warning C4005: 'ENOTSOCK': macro redefinition
C:\Users\stran\Documents\23IN01\Design\Software\BBP\Source\include\errno.h(98): message : see previous definition of 'ENOTSOCK'
C:\Program Files (x86)\Windows Kits\10\Include\10.0.19041.0\ucrt\errno.h(119,1): warning C4005: 'EOPNOTSUPP': macro redefinition
C:\Users\stran\Documents\23IN01\Design\Software\BBP\Source\include\errno.h(105): message : see previous definition of 'EOPNOTSUPP'
C:\Program Files (x86)\Windows Kits\10\Include\10.0.19041.0\ucrt\errno.h(121,1): warning C4005: 'EOVERFLOW': macro redefinition
C:\Users\stran\Documents\23IN01\Design\Software\BBP\Source\include\errno.h(85): message : see previous definition of 'EOVERFLOW'
C:\Program Files (x86)\Windows Kits\10\Include\10.0.19041.0\ucrt\errno.h(122,1): warning C4005: 'EOWNERDEAD': macro redefinition
C:\Users\stran\Documents\23IN01\Design\Software\BBP\Source\include\errno.h(140): message : see previous definition of 'EOWNERDEAD'
C:\Program Files (x86)\Windows Kits\10\Include\10.0.19041.0\ucrt\errno.h(123,1): warning C4005: 'EPROTO': macro redefinition
C:\Users\stran\Documents\23IN01\Design\Software\BBP\Source\include\errno.h(81): message : see previous definition of 'EPROTO'
C:\Program Files (x86)\Windows Kits\10\Include\10.0.19041.0\ucrt\errno.h(124,1): warning C4005: 'EPROTONOSUPPORT': macro redefinition
C:\Users\stran\Documents\23IN01\Design\Software\BBP\Source\include\errno.h(103): message : see previous definition of 'EPROTONOSUPPORT'
C:\Program Files (x86)\Windows Kits\10\Include\10.0.19041.0\ucrt\errno.h(125,1): warning C4005: 'EPROTOTYPE': macro redefinition
C:\Users\stran\Documents\23IN01\Design\Software\BBP\Source\include\errno.h(101): message : see previous definition of 'EPROTOTYPE'
C:\Program Files (x86)\Windows Kits\10\Include\10.0.19041.0\ucrt\errno.h(126,1): warning C4005: 'ETIME': macro redefinition
C:\Users\stran\Documents\23IN01\Design\Software\BBP\Source\include\errno.h(72): message : see previous definition of 'ETIME'
C:\Program Files (x86)\Windows Kits\10\Include\10.0.19041.0\ucrt\errno.h(127,1): warning C4005: 'ETIMEDOUT': macro redefinition
C:\Users\stran\Documents\23IN01\Design\Software\BBP\Source\include\errno.h(120): message : see previous definition of 'ETIMEDOUT'
C:\Program Files (x86)\Windows Kits\10\Include\10.0.19041.0\ucrt\errno.h(128,1): warning C4005: 'ETXTBSY': macro redefinition
C:\Users\stran\Documents\23IN01\Design\Software\BBP\Source\include\errno.h(38): message : see previous definition of 'ETXTBSY'
  Records.cpp
C:\Users\stran\Documents\23IN01\Design\Software\BBP\Source\include\ELF32.h(182,19): warning C5208: unnamed class used in typedef name cannot declare members other than non-static data members, member enumerations, or member classes
C:\Users\stran\Documents\23IN01\Design\Software\BBP\Source\include\ELF32.h(193,19): warning C5208: unnamed class used in typedef name cannot declare members other than non-static data members, member enumerations, or member classes
C:\Users\stran\Documents\23IN01\Design\Software\BBP\Source\include\ELF32.h(212,19): warning C5208: unnamed class used in typedef name cannot declare members other than non-static data members, member enumerations, or member classes
  Boot.cpp
C:\Users\stran\Documents\23IN01\Design\Software\BBP\Source\include\ELF32.h(182,19): warning C5208: unnamed class used in typedef name cannot declare members other than non-static data members, member enumerations, or member classes
C:\Users\stran\Documents\23IN01\Design\Software\BBP\Source\include\ELF32.h(193,19): warning C5208: unnamed class used in typedef name cannot declare members other than non-static data members, member enumerations, or member classes
C:\Users\stran\Documents\23IN01\Design\Software\BBP\Source\include\ELF32.h(212,19): warning C5208: unnamed class used in typedef name cannot declare members other than non-static data members, member enumerations, or member classes
C:\Users\stran\Documents\23IN01\Design\Software\BBP\Source\env\UBUNTU\Boot.cpp(8,9): warning C4129: 'e': unrecognized character escape sequence
  Actions.cpp
C:\Users\stran\Documents\23IN01\Design\Software\BBP\Source\include\ELF32.h(182,19): warning C5208: unnamed class used in typedef name cannot declare members other than non-static data members, member enumerations, or member classes
C:\Users\stran\Documents\23IN01\Design\Software\BBP\Source\include\ELF32.h(193,19): warning C5208: unnamed class used in typedef name cannot declare members other than non-static data members, member enumerations, or member classes
C:\Users\stran\Documents\23IN01\Design\Software\BBP\Source\include\ELF32.h(212,19): warning C5208: unnamed class used in typedef name cannot declare members other than non-static data members, member enumerations, or member classes
  Commands.cpp
C:\Users\stran\Documents\23IN01\Design\Software\BBP\Source\include\ELF32.h(182,19): warning C5208: unnamed class used in typedef name cannot declare members other than non-static data members, member enumerations, or member classes
C:\Users\stran\Documents\23IN01\Design\Software\BBP\Source\include\ELF32.h(193,19): warning C5208: unnamed class used in typedef name cannot declare members other than non-static data members, member enumerations, or member classes
C:\Users\stran\Documents\23IN01\Design\Software\BBP\Source\include\ELF32.h(212,19): warning C5208: unnamed class used in typedef name cannot declare members other than non-static data members, member enumerations, or member classes
  Driver.cpp
C:\Users\stran\Documents\23IN01\Design\Software\BBP\Source\include\ELF32.h(182,19): warning C5208: unnamed class used in typedef name cannot declare members other than non-static data members, member enumerations, or member classes
C:\Users\stran\Documents\23IN01\Design\Software\BBP\Source\include\ELF32.h(193,19): warning C5208: unnamed class used in typedef name cannot declare members other than non-static data members, member enumerations, or member classes
C:\Users\stran\Documents\23IN01\Design\Software\BBP\Source\include\ELF32.h(212,19): warning C5208: unnamed class used in typedef name cannot declare members other than non-static data members, member enumerations, or member classes
C:\Program Files (x86)\Windows Kits\10\Include\10.0.19041.0\ucrt\errno.h(69,1): warning C4005: 'EDEADLK': macro redefinition
C:\Users\stran\Documents\23IN01\Design\Software\BBP\Source\include\errno.h(47): message : see previous definition of 'EDEADLK'
C:\Program Files (x86)\Windows Kits\10\Include\10.0.19041.0\ucrt\errno.h(70,1): warning C4005: 'ENAMETOOLONG': macro redefinition
C:\Users\stran\Documents\23IN01\Design\Software\BBP\Source\include\errno.h(48): message : see previous definition of 'ENAMETOOLONG'
C:\Program Files (x86)\Windows Kits\10\Include\10.0.19041.0\ucrt\errno.h(71,1): warning C4005: 'ENOLCK': macro redefinition
C:\Users\stran\Documents\23IN01\Design\Software\BBP\Source\include\errno.h(49): message : see previous definition of 'ENOLCK'
C:\Program Files (x86)\Windows Kits\10\Include\10.0.19041.0\ucrt\errno.h(72,1): warning C4005: 'ENOSYS': macro redefinition
C:\Users\stran\Documents\23IN01\Design\Software\BBP\Source\include\errno.h(50): message : see previous definition of 'ENOSYS'
C:\Program Files (x86)\Windows Kits\10\Include\10.0.19041.0\ucrt\errno.h(73,1): warning C4005: 'ENOTEMPTY': macro redefinition
C:\Users\stran\Documents\23IN01\Design\Software\BBP\Source\include\errno.h(51): message : see previous definition of 'ENOTEMPTY'
C:\Program Files (x86)\Windows Kits\10\Include\10.0.19041.0\ucrt\errno.h(80,1): warning C4005: 'EILSEQ': macro redefinition
C:\Users\stran\Documents\23IN01\Design\Software\BBP\Source\include\errno.h(94): message : see previous definition of 'EILSEQ'
C:\Program Files (x86)\Windows Kits\10\Include\10.0.19041.0\ucrt\errno.h(89,1): warning C4005: 'EADDRINUSE': macro redefinition
C:\Users\stran\Documents\23IN01\Design\Software\BBP\Source\include\errno.h(108): message : see previous definition of 'EADDRINUSE'
C:\Program Files (x86)\Windows Kits\10\Include\10.0.19041.0\ucrt\errno.h(90,1): warning C4005: 'EADDRNOTAVAIL': macro redefinition
C:\Users\stran\Documents\23IN01\Design\Software\BBP\Source\include\errno.h(109): message : see previous definition of 'EADDRNOTAVAIL'
C:\Program Files (x86)\Windows Kits\10\Include\10.0.19041.0\ucrt\errno.h(91,1): warning C4005: 'EAFNOSUPPORT': macro redefinition
C:\Users\stran\Documents\23IN01\Design\Software\BBP\Source\include\errno.h(107): message : see previous definition of 'EAFNOSUPPORT'
C:\Program Files (x86)\Windows Kits\10\Include\10.0.19041.0\ucrt\errno.h(92,1): warning C4005: 'EALREADY': macro redefinition
C:\Users\stran\Documents\23IN01\Design\Software\BBP\Source\include\errno.h(124): message : see previous definition of 'EALREADY'
C:\Program Files (x86)\Windows Kits\10\Include\10.0.19041.0\ucrt\errno.h(94,1): warning C4005: 'ECANCELED': macro redefinition
C:\Users\stran\Documents\23IN01\Design\Software\BBP\Source\include\errno.h(135): message : see previous definition of 'ECANCELED'
C:\Program Files (x86)\Windows Kits\10\Include\10.0.19041.0\ucrt\errno.h(95,1): warning C4005: 'ECONNABORTED': macro redefinition
C:\Users\stran\Documents\23IN01\Design\Software\BBP\Source\include\errno.h(113): message : see previous definition of 'ECONNABORTED'
C:\Program Files (x86)\Windows Kits\10\Include\10.0.19041.0\ucrt\errno.h(96,1): warning C4005: 'ECONNREFUSED': macro redefinition
C:\Users\stran\Documents\23IN01\Design\Software\BBP\Source\include\errno.h(121): message : see previous definition of 'ECONNREFUSED'
C:\Program Files (x86)\Windows Kits\10\Include\10.0.19041.0\ucrt\errno.h(97,1): warning C4005: 'ECONNRESET': macro redefinition
C:\Users\stran\Documents\23IN01\Design\Software\BBP\Source\include\errno.h(114): message : see previous definition of 'ECONNRESET'
C:\Program Files (x86)\Windows Kits\10\Include\10.0.19041.0\ucrt\errno.h(99,1): warning C4005: 'EHOSTUNREACH': macro redefinition
C:\Users\stran\Documents\23IN01\Design\Software\BBP\Source\include\errno.h(123): message : see previous definition of 'EHOSTUNREACH'
C:\Program Files (x86)\Windows Kits\10\Include\10.0.19041.0\ucrt\errno.h(100,1): warning C4005: 'EIDRM': macro redefinition
C:\Users\stran\Documents\23IN01\Design\Software\BBP\Source\include\errno.h(54): message : see previous definition of 'EIDRM'
C:\Program Files (x86)\Windows Kits\10\Include\10.0.19041.0\ucrt\errno.h(101,1): warning C4005: 'EINPROGRESS': macro redefinition
C:\Users\stran\Documents\23IN01\Design\Software\BBP\Source\include\errno.h(125): message : see previous definition of 'EINPROGRESS'
C:\Program Files (x86)\Windows Kits\10\Include\10.0.19041.0\ucrt\errno.h(102,1): warning C4005: 'EISCONN': macro redefinition
C:\Users\stran\Documents\23IN01\Design\Software\BBP\Source\include\errno.h(116): message : see previous definition of 'EISCONN'
C:\Program Files (x86)\Windows Kits\10\Include\10.0.19041.0\ucrt\errno.h(103,1): warning C4005: 'ELOOP': macro redefinition
C:\Users\stran\Documents\23IN01\Design\Software\BBP\Source\include\errno.h(52): message : see previous definition of 'ELOOP'
C:\Program Files (x86)\Windows Kits\10\Include\10.0.19041.0\ucrt\errno.h(104,1): warning C4005: 'EMSGSIZE': macro redefinition
C:\Users\stran\Documents\23IN01\Design\Software\BBP\Source\include\errno.h(100): message : see previous definition of 'EMSGSIZE'
C:\Program Files (x86)\Windows Kits\10\Include\10.0.19041.0\ucrt\errno.h(105,1): warning C4005: 'ENETDOWN': macro redefinition
C:\Users\stran\Documents\23IN01\Design\Software\BBP\Source\include\errno.h(110): message : see previous definition of 'ENETDOWN'
C:\Program Files (x86)\Windows Kits\10\Include\10.0.19041.0\ucrt\errno.h(106,1): warning C4005: 'ENETRESET': macro redefinition
C:\Users\stran\Documents\23IN01\Design\Software\BBP\Source\include\errno.h(112): message : see previous definition of 'ENETRESET'
C:\Program Files (x86)\Windows Kits\10\Include\10.0.19041.0\ucrt\errno.h(107,1): warning C4005: 'ENETUNREACH': macro redefinition
C:\Users\stran\Documents\23IN01\Design\Software\BBP\Source\include\errno.h(111): message : see previous definition of 'ENETUNREACH'
C:\Program Files (x86)\Windows Kits\10\Include\10.0.19041.0\ucrt\errno.h(108,1): warning C4005: 'ENOBUFS': macro redefinition
C:\Users\stran\Documents\23IN01\Design\Software\BBP\Source\include\errno.h(115): message : see previous definition of 'ENOBUFS'
C:\Program Files (x86)\Windows Kits\10\Include\10.0.19041.0\ucrt\errno.h(109,1): warning C4005: 'ENODATA': macro redefinition
C:\Users\stran\Documents\23IN01\Design\Software\BBP\Source\include\errno.h(71): message : see previous definition of 'ENODATA'
C:\Program Files (x86)\Windows Kits\10\Include\10.0.19041.0\ucrt\errno.h(110,1): warning C4005: 'ENOLINK': macro redefinition
C:\Users\stran\Documents\23IN01\Design\Software\BBP\Source\include\errno.h(77): message : see previous definition of 'ENOLINK'
C:\Program Files (x86)\Windows Kits\10\Include\10.0.19041.0\ucrt\errno.h(111,1): warning C4005: 'ENOMSG': macro redefinition
C:\Users\stran\Documents\23IN01\Design\Software\BBP\Source\include\errno.h(53): message : see previous definition of 'ENOMSG'
C:\Program Files (x86)\Windows Kits\10\Include\10.0.19041.0\ucrt\errno.h(112,1): warning C4005: 'ENOPROTOOPT': macro redefinition
C:\Users\stran\Documents\23IN01\Design\Software\BBP\Source\include\errno.h(102): message : see previous definition of 'ENOPROTOOPT'
C:\Program Files (x86)\Windows Kits\10\Include\10.0.19041.0\ucrt\errno.h(113,1): warning C4005: 'ENOSR': macro redefinition
C:\Users\stran\Documents\23IN01\Design\Software\BBP\Source\include\errno.h(73): message : see previous definition of 'ENOSR'
C:\Program Files (x86)\Windows Kits\10\Include\10.0.19041.0\ucrt\errno.h(114,1): warning C4005: 'ENOSTR': macro redefinition
C:\Users\stran\Documents\23IN01\Design\Software\BBP\Source\include\errno.h(70): message : see previous definition of 'ENOSTR'
C:\Program Files (x86)\Windows Kits\10\Include\10.0.19041.0\ucrt\errno.h(115,1): warning C4005: 'ENOTCONN': macro redefinition
C:\Users\stran\Documents\23IN01\Design\Software\BBP\Source\include\errno.h(117): message : see previous definition of 'ENOTCONN'
C:\Program Files (x86)\Windows Kits\10\Include\10.0.19041.0\ucrt\errno.h(116,1): warning C4005: 'ENOTRECOVERABLE': macro redefinition
C:\Users\stran\Documents\23IN01\Design\Software\BBP\Source\include\errno.h(141): message : see previous definition of 'ENOTRECOVERABLE'
C:\Program Files (x86)\Windows Kits\10\Include\10.0.19041.0\ucrt\errno.h(117,1): warning C4005: 'ENOTSOCK': macro redefinition
C:\Users\stran\Documents\23IN01\Design\Software\BBP\Source\include\errno.h(98): message : see previous definition of 'ENOTSOCK'
C:\Program Files (x86)\Windows Kits\10\Include\10.0.19041.0\ucrt\errno.h(119,1): warning C4005: 'EOPNOTSUPP': macro redefinition
C:\Users\stran\Documents\23IN01\Design\Software\BBP\Source\include\errno.h(105): message : see previous definition of 'EOPNOTSUPP'
C:\Program Files (x86)\Windows Kits\10\Include\10.0.19041.0\ucrt\errno.h(121,1): warning C4005: 'EOVERFLOW': macro redefinition
C:\Users\stran\Documents\23IN01\Design\Software\BBP\Source\include\errno.h(85): message : see previous definition of 'EOVERFLOW'
C:\Program Files (x86)\Windows Kits\10\Include\10.0.19041.0\ucrt\errno.h(122,1): warning C4005: 'EOWNERDEAD': macro redefinition
C:\Users\stran\Documents\23IN01\Design\Software\BBP\Source\include\errno.h(140): message : see previous definition of 'EOWNERDEAD'
C:\Program Files (x86)\Windows Kits\10\Include\10.0.19041.0\ucrt\errno.h(123,1): warning C4005: 'EPROTO': macro redefinition
C:\Users\stran\Documents\23IN01\Design\Software\BBP\Source\include\errno.h(81): message : see previous definition of 'EPROTO'
C:\Program Files (x86)\Windows Kits\10\Include\10.0.19041.0\ucrt\errno.h(124,1): warning C4005: 'EPROTONOSUPPORT': macro redefinition
C:\Users\stran\Documents\23IN01\Design\Software\BBP\Source\include\errno.h(103): message : see previous definition of 'EPROTONOSUPPORT'
C:\Program Files (x86)\Windows Kits\10\Include\10.0.19041.0\ucrt\errno.h(125,1): warning C4005: 'EPROTOTYPE': macro redefinition
C:\Users\stran\Documents\23IN01\Design\Software\BBP\Source\include\errno.h(101): message : see previous definition of 'EPROTOTYPE'
C:\Program Files (x86)\Windows Kits\10\Include\10.0.19041.0\ucrt\errno.h(126,1): warning C4005: 'ETIME': macro redefinition
C:\Users\stran\Documents\23IN01\Design\Software\BBP\Source\include\errno.h(72): message : see previous definition of 'ETIME'
C:\Program Files (x86)\Windows Kits\10\Include\10.0.19041.0\ucrt\errno.h(127,1): warning C4005: 'ETIMEDOUT': macro redefinition
C:\Users\stran\Documents\23IN01\Design\Software\BBP\Source\include\errno.h(120): message : see previous definition of 'ETIMEDOUT'
C:\Program Files (x86)\Windows Kits\10\Include\10.0.19041.0\ucrt\errno.h(128,1): warning C4005: 'ETXTBSY': macro redefinition
C:\Users\stran\Documents\23IN01\Design\Software\BBP\Source\include\errno.h(38): message : see previous definition of 'ETXTBSY'
C:\Users\stran\Documents\23IN01\Design\Software\BBP\Source\env\UBUNTU\Drivers\Keyboard\Driver.cpp(6,10): fatal error C1083: Cannot open include file: 'termios.h': No such file or directory
  Loader.cpp
C:\Users\stran\Documents\23IN01\Design\Software\BBP\Source\include\ELF32.h(182,19): warning C5208: unnamed class used in typedef name cannot declare members other than non-static data members, member enumerations, or member classes
C:\Users\stran\Documents\23IN01\Design\Software\BBP\Source\include\ELF32.h(193,19): warning C5208: unnamed class used in typedef name cannot declare members other than non-static data members, member enumerations, or member classes
C:\Users\stran\Documents\23IN01\Design\Software\BBP\Source\include\ELF32.h(212,19): warning C5208: unnamed class used in typedef name cannot declare members other than non-static data members, member enumerations, or member classes
  Manifests.cpp
C:\Users\stran\Documents\23IN01\Design\Software\BBP\Source\include\ELF32.h(182,19): warning C5208: unnamed class used in typedef name cannot declare members other than non-static data members, member enumerations, or member classes
C:\Users\stran\Documents\23IN01\Design\Software\BBP\Source\include\ELF32.h(193,19): warning C5208: unnamed class used in typedef name cannot declare members other than non-static data members, member enumerations, or member classes
C:\Users\stran\Documents\23IN01\Design\Software\BBP\Source\include\ELF32.h(212,19): warning C5208: unnamed class used in typedef name cannot declare members other than non-static data members, member enumerations, or member classes
  Actions.cpp
C:\Users\stran\Documents\23IN01\Design\Software\BBP\Source\include\ELF32.h(182,19): warning C5208: unnamed class used in typedef name cannot declare members other than non-static data members, member enumerations, or member classes
C:\Users\stran\Documents\23IN01\Design\Software\BBP\Source\include\ELF32.h(193,19): warning C5208: unnamed class used in typedef name cannot declare members other than non-static data members, member enumerations, or member classes
C:\Users\stran\Documents\23IN01\Design\Software\BBP\Source\include\ELF32.h(212,19): warning C5208: unnamed class used in typedef name cannot declare members other than non-static data members, member enumerations, or member classes
  Commands.cpp
C:\Users\stran\Documents\23IN01\Design\Software\BBP\Source\include\ELF32.h(182,19): warning C5208: unnamed class used in typedef name cannot declare members other than non-static data members, member enumerations, or member classes
C:\Users\stran\Documents\23IN01\Design\Software\BBP\Source\include\ELF32.h(193,19): warning C5208: unnamed class used in typedef name cannot declare members other than non-static data members, member enumerations, or member classes
C:\Users\stran\Documents\23IN01\Design\Software\BBP\Source\include\ELF32.h(212,19): warning C5208: unnamed class used in typedef name cannot declare members other than non-static data members, member enumerations, or member classes
  Driver.cpp
C:\Users\stran\Documents\23IN01\Design\Software\BBP\Source\include\ELF32.h(182,19): warning C5208: unnamed class used in typedef name cannot declare members other than non-static data members, member enumerations, or member classes
C:\Users\stran\Documents\23IN01\Design\Software\BBP\Source\include\ELF32.h(193,19): warning C5208: unnamed class used in typedef name cannot declare members other than non-static data members, member enumerations, or member classes
C:\Users\stran\Documents\23IN01\Design\Software\BBP\Source\include\ELF32.h(212,19): warning C5208: unnamed class used in typedef name cannot declare members other than non-static data members, member enumerations, or member classes
C:\Program Files (x86)\Windows Kits\10\Include\10.0.19041.0\ucrt\errno.h(69,1): warning C4005: 'EDEADLK': macro redefinition
C:\Users\stran\Documents\23IN01\Design\Software\BBP\Source\include\errno.h(47): message : see previous definition of 'EDEADLK'
C:\Program Files (x86)\Windows Kits\10\Include\10.0.19041.0\ucrt\errno.h(70,1): warning C4005: 'ENAMETOOLONG': macro redefinition
C:\Users\stran\Documents\23IN01\Design\Software\BBP\Source\include\errno.h(48): message : see previous definition of 'ENAMETOOLONG'
C:\Program Files (x86)\Windows Kits\10\Include\10.0.19041.0\ucrt\errno.h(71,1): warning C4005: 'ENOLCK': macro redefinition
C:\Users\stran\Documents\23IN01\Design\Software\BBP\Source\include\errno.h(49): message : see previous definition of 'ENOLCK'
C:\Program Files (x86)\Windows Kits\10\Include\10.0.19041.0\ucrt\errno.h(72,1): warning C4005: 'ENOSYS': macro redefinition
C:\Users\stran\Documents\23IN01\Design\Software\BBP\Source\include\errno.h(50): message : see previous definition of 'ENOSYS'
C:\Program Files (x86)\Windows Kits\10\Include\10.0.19041.0\ucrt\errno.h(73,1): warning C4005: 'ENOTEMPTY': macro redefinition
C:\Users\stran\Documents\23IN01\Design\Software\BBP\Source\include\errno.h(51): message : see previous definition of 'ENOTEMPTY'
C:\Program Files (x86)\Windows Kits\10\Include\10.0.19041.0\ucrt\errno.h(80,1): warning C4005: 'EILSEQ': macro redefinition
C:\Users\stran\Documents\23IN01\Design\Software\BBP\Source\include\errno.h(94): message : see previous definition of 'EILSEQ'
C:\Program Files (x86)\Windows Kits\10\Include\10.0.19041.0\ucrt\errno.h(89,1): warning C4005: 'EADDRINUSE': macro redefinition
C:\Users\stran\Documents\23IN01\Design\Software\BBP\Source\include\errno.h(108): message : see previous definition of 'EADDRINUSE'
C:\Program Files (x86)\Windows Kits\10\Include\10.0.19041.0\ucrt\errno.h(90,1): warning C4005: 'EADDRNOTAVAIL': macro redefinition
C:\Users\stran\Documents\23IN01\Design\Software\BBP\Source\include\errno.h(109): message : see previous definition of 'EADDRNOTAVAIL'
C:\Program Files (x86)\Windows Kits\10\Include\10.0.19041.0\ucrt\errno.h(91,1): warning C4005: 'EAFNOSUPPORT': macro redefinition
C:\Users\stran\Documents\23IN01\Design\Software\BBP\Source\include\errno.h(107): message : see previous definition of 'EAFNOSUPPORT'
C:\Program Files (x86)\Windows Kits\10\Include\10.0.19041.0\ucrt\errno.h(92,1): warning C4005: 'EALREADY': macro redefinition
C:\Users\stran\Documents\23IN01\Design\Software\BBP\Source\include\errno.h(124): message : see previous definition of 'EALREADY'
C:\Program Files (x86)\Windows Kits\10\Include\10.0.19041.0\ucrt\errno.h(94,1): warning C4005: 'ECANCELED': macro redefinition
C:\Users\stran\Documents\23IN01\Design\Software\BBP\Source\include\errno.h(135): message : see previous definition of 'ECANCELED'
C:\Program Files (x86)\Windows Kits\10\Include\10.0.19041.0\ucrt\errno.h(95,1): warning C4005: 'ECONNABORTED': macro redefinition
C:\Users\stran\Documents\23IN01\Design\Software\BBP\Source\include\errno.h(113): message : see previous definition of 'ECONNABORTED'
C:\Program Files (x86)\Windows Kits\10\Include\10.0.19041.0\ucrt\errno.h(96,1): warning C4005: 'ECONNREFUSED': macro redefinition
C:\Users\stran\Documents\23IN01\Design\Software\BBP\Source\include\errno.h(121): message : see previous definition of 'ECONNREFUSED'
C:\Program Files (x86)\Windows Kits\10\Include\10.0.19041.0\ucrt\errno.h(97,1): warning C4005: 'ECONNRESET': macro redefinition
C:\Users\stran\Documents\23IN01\Design\Software\BBP\Source\include\errno.h(114): message : see previous definition of 'ECONNRESET'
C:\Program Files (x86)\Windows Kits\10\Include\10.0.19041.0\ucrt\errno.h(99,1): warning C4005: 'EHOSTUNREACH': macro redefinition
C:\Users\stran\Documents\23IN01\Design\Software\BBP\Source\include\errno.h(123): message : see previous definition of 'EHOSTUNREACH'
C:\Program Files (x86)\Windows Kits\10\Include\10.0.19041.0\ucrt\errno.h(100,1): warning C4005: 'EIDRM': macro redefinition
C:\Users\stran\Documents\23IN01\Design\Software\BBP\Source\include\errno.h(54): message : see previous definition of 'EIDRM'
C:\Program Files (x86)\Windows Kits\10\Include\10.0.19041.0\ucrt\errno.h(101,1): warning C4005: 'EINPROGRESS': macro redefinition
C:\Users\stran\Documents\23IN01\Design\Software\BBP\Source\include\errno.h(125): message : see previous definition of 'EINPROGRESS'
C:\Program Files (x86)\Windows Kits\10\Include\10.0.19041.0\ucrt\errno.h(102,1): warning C4005: 'EISCONN': macro redefinition
C:\Users\stran\Documents\23IN01\Design\Software\BBP\Source\include\errno.h(116): message : see previous definition of 'EISCONN'
C:\Program Files (x86)\Windows Kits\10\Include\10.0.19041.0\ucrt\errno.h(103,1): warning C4005: 'ELOOP': macro redefinition
C:\Users\stran\Documents\23IN01\Design\Software\BBP\Source\include\errno.h(52): message : see previous definition of 'ELOOP'
C:\Program Files (x86)\Windows Kits\10\Include\10.0.19041.0\ucrt\errno.h(104,1): warning C4005: 'EMSGSIZE': macro redefinition
C:\Users\stran\Documents\23IN01\Design\Software\BBP\Source\include\errno.h(100): message : see previous definition of 'EMSGSIZE'
C:\Program Files (x86)\Windows Kits\10\Include\10.0.19041.0\ucrt\errno.h(105,1): warning C4005: 'ENETDOWN': macro redefinition
C:\Users\stran\Documents\23IN01\Design\Software\BBP\Source\include\errno.h(110): message : see previous definition of 'ENETDOWN'
C:\Program Files (x86)\Windows Kits\10\Include\10.0.19041.0\ucrt\errno.h(106,1): warning C4005: 'ENETRESET': macro redefinition
C:\Users\stran\Documents\23IN01\Design\Software\BBP\Source\include\errno.h(112): message : see previous definition of 'ENETRESET'
C:\Program Files (x86)\Windows Kits\10\Include\10.0.19041.0\ucrt\errno.h(107,1): warning C4005: 'ENETUNREACH': macro redefinition
C:\Users\stran\Documents\23IN01\Design\Software\BBP\Source\include\errno.h(111): message : see previous definition of 'ENETUNREACH'
C:\Program Files (x86)\Windows Kits\10\Include\10.0.19041.0\ucrt\errno.h(108,1): warning C4005: 'ENOBUFS': macro redefinition
C:\Users\stran\Documents\23IN01\Design\Software\BBP\Source\include\errno.h(115): message : see previous definition of 'ENOBUFS'
C:\Program Files (x86)\Windows Kits\10\Include\10.0.19041.0\ucrt\errno.h(109,1): warning C4005: 'ENODATA': macro redefinition
C:\Users\stran\Documents\23IN01\Design\Software\BBP\Source\include\errno.h(71): message : see previous definition of 'ENODATA'
C:\Program Files (x86)\Windows Kits\10\Include\10.0.19041.0\ucrt\errno.h(110,1): warning C4005: 'ENOLINK': macro redefinition
C:\Users\stran\Documents\23IN01\Design\Software\BBP\Source\include\errno.h(77): message : see previous definition of 'ENOLINK'
C:\Program Files (x86)\Windows Kits\10\Include\10.0.19041.0\ucrt\errno.h(111,1): warning C4005: 'ENOMSG': macro redefinition
C:\Users\stran\Documents\23IN01\Design\Software\BBP\Source\include\errno.h(53): message : see previous definition of 'ENOMSG'
C:\Program Files (x86)\Windows Kits\10\Include\10.0.19041.0\ucrt\errno.h(112,1): warning C4005: 'ENOPROTOOPT': macro redefinition
C:\Users\stran\Documents\23IN01\Design\Software\BBP\Source\include\errno.h(102): message : see previous definition of 'ENOPROTOOPT'
C:\Program Files (x86)\Windows Kits\10\Include\10.0.19041.0\ucrt\errno.h(113,1): warning C4005: 'ENOSR': macro redefinition
C:\Users\stran\Documents\23IN01\Design\Software\BBP\Source\include\errno.h(73): message : see previous definition of 'ENOSR'
C:\Program Files (x86)\Windows Kits\10\Include\10.0.19041.0\ucrt\errno.h(114,1): warning C4005: 'ENOSTR': macro redefinition
C:\Users\stran\Documents\23IN01\Design\Software\BBP\Source\include\errno.h(70): message : see previous definition of 'ENOSTR'
C:\Program Files (x86)\Windows Kits\10\Include\10.0.19041.0\ucrt\errno.h(115,1): warning C4005: 'ENOTCONN': macro redefinition
C:\Users\stran\Documents\23IN01\Design\Software\BBP\Source\include\errno.h(117): message : see previous definition of 'ENOTCONN'
C:\Program Files (x86)\Windows Kits\10\Include\10.0.19041.0\ucrt\errno.h(116,1): warning C4005: 'ENOTRECOVERABLE': macro redefinition
C:\Users\stran\Documents\23IN01\Design\Software\BBP\Source\include\errno.h(141): message : see previous definition of 'ENOTRECOVERABLE'
C:\Program Files (x86)\Windows Kits\10\Include\10.0.19041.0\ucrt\errno.h(117,1): warning C4005: 'ENOTSOCK': macro redefinition
C:\Users\stran\Documents\23IN01\Design\Software\BBP\Source\include\errno.h(98): message : see previous definition of 'ENOTSOCK'
C:\Program Files (x86)\Windows Kits\10\Include\10.0.19041.0\ucrt\errno.h(119,1): warning C4005: 'EOPNOTSUPP': macro redefinition
C:\Users\stran\Documents\23IN01\Design\Software\BBP\Source\include\errno.h(105): message : see previous definition of 'EOPNOTSUPP'
C:\Program Files (x86)\Windows Kits\10\Include\10.0.19041.0\ucrt\errno.h(121,1): warning C4005: 'EOVERFLOW': macro redefinition
C:\Users\stran\Documents\23IN01\Design\Software\BBP\Source\include\errno.h(85): message : see previous definition of 'EOVERFLOW'
C:\Program Files (x86)\Windows Kits\10\Include\10.0.19041.0\ucrt\errno.h(122,1): warning C4005: 'EOWNERDEAD': macro redefinition
C:\Users\stran\Documents\23IN01\Design\Software\BBP\Source\include\errno.h(140): message : see previous definition of 'EOWNERDEAD'
C:\Program Files (x86)\Windows Kits\10\Include\10.0.19041.0\ucrt\errno.h(123,1): warning C4005: 'EPROTO': macro redefinition
C:\Users\stran\Documents\23IN01\Design\Software\BBP\Source\include\errno.h(81): message : see previous definition of 'EPROTO'
C:\Program Files (x86)\Windows Kits\10\Include\10.0.19041.0\ucrt\errno.h(124,1): warning C4005: 'EPROTONOSUPPORT': macro redefinition
C:\Users\stran\Documents\23IN01\Design\Software\BBP\Source\include\errno.h(103): message : see previous definition of 'EPROTONOSUPPORT'
C:\Program Files (x86)\Windows Kits\10\Include\10.0.19041.0\ucrt\errno.h(125,1): warning C4005: 'EPROTOTYPE': macro redefinition
C:\Users\stran\Documents\23IN01\Design\Software\BBP\Source\include\errno.h(101): message : see previous definition of 'EPROTOTYPE'
C:\Program Files (x86)\Windows Kits\10\Include\10.0.19041.0\ucrt\errno.h(126,1): warning C4005: 'ETIME': macro redefinition
C:\Users\stran\Documents\23IN01\Design\Software\BBP\Source\include\errno.h(72): message : see previous definition of 'ETIME'
C:\Program Files (x86)\Windows Kits\10\Include\10.0.19041.0\ucrt\errno.h(127,1): warning C4005: 'ETIMEDOUT': macro redefinition
C:\Users\stran\Documents\23IN01\Design\Software\BBP\Source\include\errno.h(120): message : see previous definition of 'ETIMEDOUT'
C:\Program Files (x86)\Windows Kits\10\Include\10.0.19041.0\ucrt\errno.h(128,1): warning C4005: 'ETXTBSY': macro redefinition
C:\Users\stran\Documents\23IN01\Design\Software\BBP\Source\include\errno.h(38): message : see previous definition of 'ETXTBSY'
C:\Users\stran\Documents\23IN01\Design\Software\BBP\Source\env\UBUNTU\Drivers\Screen\Driver.cpp(8,10): fatal error C1083: Cannot open include file: 'termios.h': No such file or directory
  Loader.cpp
C:\Users\stran\Documents\23IN01\Design\Software\BBP\Source\include\ELF32.h(182,19): warning C5208: unnamed class used in typedef name cannot declare members other than non-static data members, member enumerations, or member classes
C:\Users\stran\Documents\23IN01\Design\Software\BBP\Source\include\ELF32.h(193,19): warning C5208: unnamed class used in typedef name cannot declare members other than non-static data members, member enumerations, or member classes
C:\Users\stran\Documents\23IN01\Design\Software\BBP\Source\include\ELF32.h(212,19): warning C5208: unnamed class used in typedef name cannot declare members other than non-static data members, member enumerations, or member classes
  Input.cpp
C:\Users\stran\Documents\23IN01\Design\Software\BBP\Source\include\ELF32.h(182,19): warning C5208: unnamed class used in typedef name cannot declare members other than non-static data members, member enumerations, or member classes
C:\Users\stran\Documents\23IN01\Design\Software\BBP\Source\include\ELF32.h(193,19): warning C5208: unnamed class used in typedef name cannot declare members other than non-static data members, member enumerations, or member classes
C:\Users\stran\Documents\23IN01\Design\Software\BBP\Source\include\ELF32.h(212,19): warning C5208: unnamed class used in typedef name cannot declare members other than non-static data members, member enumerations, or member classes
  Memory.cpp
  Time.cpp
  UEFI.cpp
C:\Users\stran\Documents\23IN01\Design\Software\BBP\Source\include\ELF32.h(182,19): warning C5208: unnamed class used in typedef name cannot declare members other than non-static data members, member enumerations, or member classes
C:\Users\stran\Documents\23IN01\Design\Software\BBP\Source\include\ELF32.h(193,19): warning C5208: unnamed class used in typedef name cannot declare members other than non-static data members, member enumerations, or member classes
C:\Users\stran\Documents\23IN01\Design\Software\BBP\Source\include\ELF32.h(212,19): warning C5208: unnamed class used in typedef name cannot declare members other than non-static data members, member enumerations, or member classes
  Generating Code...
C:\Users\stran\Documents\23IN01\Design\Software\BBP\Source\env\UBUNTU\Drivers\File\Actions.cpp(8): error C4716: 'Environment::Drivers::Filesystem::sendDataToFileSystem': must return a value
C:\Users\stran\Documents\23IN01\Design\Software\BBP\Source\env\UBUNTU\Drivers\File\Actions.cpp(13): error C4716: 'Environment::Drivers::Filesystem::receiveDataFromFileSystem': must return a value
  Compiling...
  Dir.cpp
c1xx : fatal error C1083: Cannot open source file: 'Source\env_EMULATOR\Dir.cpp': No such file or directory
  File.cpp
c1xx : fatal error C1083: Cannot open source file: 'Source\env_EMULATOR\File.cpp': No such file or directory
  Graphics.cpp
c1xx : fatal error C1083: Cannot open source file: 'Source\env_EMULATOR\Graphics.cpp': No such file or directory
  Memory.cpp
c1xx : fatal error C1083: Cannot open source file: 'Source\env_EMULATOR\Memory.cpp': No such file or directory
  Start.cpp
c1xx : fatal error C1083: Cannot open source file: 'Source\env_EMULATOR\Start.cpp': No such file or directory
  Time.cpp
c1xx : fatal error C1083: Cannot open source file: 'Source\env_EMULATOR\Time.cpp': No such file or directory
  tterm.cpp
c1xx : fatal error C1083: Cannot open source file: 'Source\env_EMULATOR\tterm.cpp': No such file or directory
  ELFHeader.cpp
C:\Users\stran\Documents\23IN01\Design\Software\BBP\Source\include\ELF32.h(182,19): warning C5208: unnamed class used in typedef name cannot declare members other than non-static data members, member enumerations, or member classes
C:\Users\stran\Documents\23IN01\Design\Software\BBP\Source\include\ELF32.h(193,19): warning C5208: unnamed class used in typedef name cannot declare members other than non-static data members, member enumerations, or member classes
C:\Users\stran\Documents\23IN01\Design\Software\BBP\Source\include\ELF32.h(212,19): warning C5208: unnamed class used in typedef name cannot declare members other than non-static data members, member enumerations, or member classes
  ELFHeaderGettersSetters.cpp
C:\Users\stran\Documents\23IN01\Design\Software\BBP\Source\include\ELF32.h(182,19): warning C5208: unnamed class used in typedef name cannot declare members other than non-static data members, member enumerations, or member classes
C:\Users\stran\Documents\23IN01\Design\Software\BBP\Source\include\ELF32.h(193,19): warning C5208: unnamed class used in typedef name cannot declare members other than non-static data members, member enumerations, or member classes
C:\Users\stran\Documents\23IN01\Design\Software\BBP\Source\include\ELF32.h(212,19): warning C5208: unnamed class used in typedef name cannot declare members other than non-static data members, member enumerations, or member classes
  SectionBuilder.cpp
C:\Users\stran\Documents\23IN01\Design\Software\BBP\Source\include\ELF32.h(182,19): warning C5208: unnamed class used in typedef name cannot declare members other than non-static data members, member enumerations, or member classes
C:\Users\stran\Documents\23IN01\Design\Software\BBP\Source\include\ELF32.h(193,19): warning C5208: unnamed class used in typedef name cannot declare members other than non-static data members, member enumerations, or member classes
C:\Users\stran\Documents\23IN01\Design\Software\BBP\Source\include\ELF32.h(212,19): warning C5208: unnamed class used in typedef name cannot declare members other than non-static data members, member enumerations, or member classes
  SectionBuilderGettersSetters.cpp
C:\Users\stran\Documents\23IN01\Design\Software\BBP\Source\include\ELF32.h(182,19): warning C5208: unnamed class used in typedef name cannot declare members other than non-static data members, member enumerations, or member classes
C:\Users\stran\Documents\23IN01\Design\Software\BBP\Source\include\ELF32.h(193,19): warning C5208: unnamed class used in typedef name cannot declare members other than non-static data members, member enumerations, or member classes
C:\Users\stran\Documents\23IN01\Design\Software\BBP\Source\include\ELF32.h(212,19): warning C5208: unnamed class used in typedef name cannot declare members other than non-static data members, member enumerations, or member classes
  SegmentBuilder.cpp
C:\Users\stran\Documents\23IN01\Design\Software\BBP\Source\include\ELF32.h(182,19): warning C5208: unnamed class used in typedef name cannot declare members other than non-static data members, member enumerations, or member classes
C:\Users\stran\Documents\23IN01\Design\Software\BBP\Source\include\ELF32.h(193,19): warning C5208: unnamed class used in typedef name cannot declare members other than non-static data members, member enumerations, or member classes
C:\Users\stran\Documents\23IN01\Design\Software\BBP\Source\include\ELF32.h(212,19): warning C5208: unnamed class used in typedef name cannot declare members other than non-static data members, member enumerations, or member classes
  SegmentBuilderGettersSetters.cpp
C:\Users\stran\Documents\23IN01\Design\Software\BBP\Source\include\ELF32.h(182,19): warning C5208: unnamed class used in typedef name cannot declare members other than non-static data members, member enumerations, or member classes
C:\Users\stran\Documents\23IN01\Design\Software\BBP\Source\include\ELF32.h(193,19): warning C5208: unnamed class used in typedef name cannot declare members other than non-static data members, member enumerations, or member classes
C:\Users\stran\Documents\23IN01\Design\Software\BBP\Source\include\ELF32.h(212,19): warning C5208: unnamed class used in typedef name cannot declare members other than non-static data members, member enumerations, or member classes
  SymbolBuilder.cpp
C:\Users\stran\Documents\23IN01\Design\Software\BBP\Source\include\ELF32.h(182,19): warning C5208: unnamed class used in typedef name cannot declare members other than non-static data members, member enumerations, or member classes
C:\Users\stran\Documents\23IN01\Design\Software\BBP\Source\include\ELF32.h(193,19): warning C5208: unnamed class used in typedef name cannot declare members other than non-static data members, member enumerations, or member classes
C:\Users\stran\Documents\23IN01\Design\Software\BBP\Source\include\ELF32.h(212,19): warning C5208: unnamed class used in typedef name cannot declare members other than non-static data members, member enumerations, or member classes
  SymbolBuilderGettersSetters.cpp
C:\Users\stran\Documents\23IN01\Design\Software\BBP\Source\include\ELF32.h(182,19): warning C5208: unnamed class used in typedef name cannot declare members other than non-static data members, member enumerations, or member classes
C:\Users\stran\Documents\23IN01\Design\Software\BBP\Source\include\ELF32.h(193,19): warning C5208: unnamed class used in typedef name cannot declare members other than non-static data members, member enumerations, or member classes
C:\Users\stran\Documents\23IN01\Design\Software\BBP\Source\include\ELF32.h(212,19): warning C5208: unnamed class used in typedef name cannot declare members other than non-static data members, member enumerations, or member classes
  Actions.cpp
C:\Users\stran\Documents\23IN01\Design\Software\BBP\Source\include\ELF32.h(182,19): warning C5208: unnamed class used in typedef name cannot declare members other than non-static data members, member enumerations, or member classes
C:\Users\stran\Documents\23IN01\Design\Software\BBP\Source\include\ELF32.h(193,19): warning C5208: unnamed class used in typedef name cannot declare members other than non-static data members, member enumerations, or member classes
C:\Users\stran\Documents\23IN01\Design\Software\BBP\Source\include\ELF32.h(212,19): warning C5208: unnamed class used in typedef name cannot declare members other than non-static data members, member enumerations, or member classes
C:\Users\stran\Documents\23IN01\Design\Software\BBP\Source\ELSA\Actions.cpp(200,16): warning C4129: 'e': unrecognized character escape sequence
C:\Users\stran\Documents\23IN01\Design\Software\BBP\Source\ELSA\Actions.cpp(208,15): warning C4129: 'e': unrecognized character escape sequence
C:\Users\stran\Documents\23IN01\Design\Software\BBP\Source\ELSA\Actions.cpp(288,16): warning C4129: 'e': unrecognized character escape sequence
C:\Users\stran\Documents\23IN01\Design\Software\BBP\Source\ELSA\Actions.cpp(290,16): warning C4129: 'e': unrecognized character escape sequence
  Auxiliary.cpp
C:\Users\stran\Documents\23IN01\Design\Software\BBP\Source\include\ELF32.h(182,19): warning C5208: unnamed class used in typedef name cannot declare members other than non-static data members, member enumerations, or member classes
C:\Users\stran\Documents\23IN01\Design\Software\BBP\Source\include\ELF32.h(193,19): warning C5208: unnamed class used in typedef name cannot declare members other than non-static data members, member enumerations, or member classes
C:\Users\stran\Documents\23IN01\Design\Software\BBP\Source\include\ELF32.h(212,19): warning C5208: unnamed class used in typedef name cannot declare members other than non-static data members, member enumerations, or member classes
C:\Users\stran\Documents\23IN01\Design\Software\BBP\Source\ELSA\Auxiliary.cpp(215,17): warning C4129: 'e': unrecognized character escape sequence
C:\Users\stran\Documents\23IN01\Design\Software\BBP\Source\ELSA\Auxiliary.cpp(226,18): warning C4129: 'e': unrecognized character escape sequence
C:\Users\stran\Documents\23IN01\Design\Software\BBP\Source\ELSA\Auxiliary.cpp(228,18): warning C4129: 'e': unrecognized character escape sequence
  Backend.cpp
C:\Users\stran\Documents\23IN01\Design\Software\BBP\Source\include\ELF32.h(182,19): warning C5208: unnamed class used in typedef name cannot declare members other than non-static data members, member enumerations, or member classes
C:\Users\stran\Documents\23IN01\Design\Software\BBP\Source\include\ELF32.h(193,19): warning C5208: unnamed class used in typedef name cannot declare members other than non-static data members, member enumerations, or member classes
C:\Users\stran\Documents\23IN01\Design\Software\BBP\Source\include\ELF32.h(212,19): warning C5208: unnamed class used in typedef name cannot declare members other than non-static data members, member enumerations, or member classes
  Builder.cpp
C:\Users\stran\Documents\23IN01\Design\Software\BBP\Source\include\ELF32.h(182,19): warning C5208: unnamed class used in typedef name cannot declare members other than non-static data members, member enumerations, or member classes
C:\Users\stran\Documents\23IN01\Design\Software\BBP\Source\include\ELF32.h(193,19): warning C5208: unnamed class used in typedef name cannot declare members other than non-static data members, member enumerations, or member classes
C:\Users\stran\Documents\23IN01\Design\Software\BBP\Source\include\ELF32.h(212,19): warning C5208: unnamed class used in typedef name cannot declare members other than non-static data members, member enumerations, or member classes
  EABI.cpp
C:\Users\stran\Documents\23IN01\Design\Software\BBP\Source\include\ELF32.h(182,19): warning C5208: unnamed class used in typedef name cannot declare members other than non-static data members, member enumerations, or member classes
C:\Users\stran\Documents\23IN01\Design\Software\BBP\Source\include\ELF32.h(193,19): warning C5208: unnamed class used in typedef name cannot declare members other than non-static data members, member enumerations, or member classes
C:\Users\stran\Documents\23IN01\Design\Software\BBP\Source\include\ELF32.h(212,19): warning C5208: unnamed class used in typedef name cannot declare members other than non-static data members, member enumerations, or member classes
  Generating Code...
  Compiling...
  Frontend.cpp
C:\Users\stran\Documents\23IN01\Design\Software\BBP\Source\include\ELF32.h(182,19): warning C5208: unnamed class used in typedef name cannot declare members other than non-static data members, member enumerations, or member classes
C:\Users\stran\Documents\23IN01\Design\Software\BBP\Source\include\ELF32.h(193,19): warning C5208: unnamed class used in typedef name cannot declare members other than non-static data members, member enumerations, or member classes
C:\Users\stran\Documents\23IN01\Design\Software\BBP\Source\include\ELF32.h(212,19): warning C5208: unnamed class used in typedef name cannot declare members other than non-static data members, member enumerations, or member classes
C:\Users\stran\Documents\23IN01\Design\Software\BBP\Source\ELSA\Frontend.cpp(312,16): warning C4129: 'e': unrecognized character escape sequence
  Processor.cpp
C:\Users\stran\Documents\23IN01\Design\Software\BBP\Source\include\ELF32.h(182,19): warning C5208: unnamed class used in typedef name cannot declare members other than non-static data members, member enumerations, or member classes
C:\Users\stran\Documents\23IN01\Design\Software\BBP\Source\include\ELF32.h(193,19): warning C5208: unnamed class used in typedef name cannot declare members other than non-static data members, member enumerations, or member classes
C:\Users\stran\Documents\23IN01\Design\Software\BBP\Source\include\ELF32.h(212,19): warning C5208: unnamed class used in typedef name cannot declare members other than non-static data members, member enumerations, or member classes
  Secondary.cpp
C:\Users\stran\Documents\23IN01\Design\Software\BBP\Source\include\ELF32.h(182,19): warning C5208: unnamed class used in typedef name cannot declare members other than non-static data members, member enumerations, or member classes
C:\Users\stran\Documents\23IN01\Design\Software\BBP\Source\include\ELF32.h(193,19): warning C5208: unnamed class used in typedef name cannot declare members other than non-static data members, member enumerations, or member classes
C:\Users\stran\Documents\23IN01\Design\Software\BBP\Source\include\ELF32.h(212,19): warning C5208: unnamed class used in typedef name cannot declare members other than non-static data members, member enumerations, or member classes
  File.cpp
c1xx : fatal error C1083: Cannot open source file: 'Source\env (old)\File.cpp': No such file or directory
  Graphics.cpp
c1xx : fatal error C1083: Cannot open source file: 'Source\env (old)\Graphics.cpp': No such file or directory
  Memory.cpp
c1xx : fatal error C1083: Cannot open source file: 'Source\env (old)\Memory.cpp': No such file or directory
  Time.cpp
c1xx : fatal error C1083: Cannot open source file: 'Source\env (old)\Time.cpp': No such file or directory
  tterm.cpp
c1xx : fatal error C1083: Cannot open source file: 'Source\env (old)\tterm.cpp': No such file or directory
  Dir.cpp
c1xx : fatal error C1083: Cannot open source file: 'Source\env (old)\Dir.cpp': No such file or directory
  Dir.cpp
c1xx : fatal error C1083: Cannot open source file: 'Source\env_MINGW64\Dir.cpp': No such file or directory
  File.cpp
c1xx : fatal error C1083: Cannot open source file: 'Source\env_MINGW64\File.cpp': No such file or directory
  Graphics.cpp
c1xx : fatal error C1083: Cannot open source file: 'Source\env_MINGW64\Graphics.cpp': No such file or directory
  Memory.cpp
c1xx : fatal error C1083: Cannot open source file: 'Source\env_MINGW64\Memory.cpp': No such file or directory
  Start.cpp
c1xx : fatal error C1083: Cannot open source file: 'Source\env_MINGW64\Start.cpp': No such file or directory
  Time.cpp
c1xx : fatal error C1083: Cannot open source file: 'Source\env_MINGW64\Time.cpp': No such file or directory
  tterm.cpp
c1xx : fatal error C1083: Cannot open source file: 'Source\env_MINGW64\tterm.cpp': No such file or directory
  DaemonManifest.cpp
c1xx : fatal error C1083: Cannot open source file: 'Source\env_UBUNTU (old)\DaemonManifest.cpp': No such file or directory
  Dir.cpp
c1xx : fatal error C1083: Cannot open source file: 'Source\env_UBUNTU (old)\Dir.cpp': No such file or directory
  File.cpp
c1xx : fatal error C1083: Cannot open source file: 'Source\env_UBUNTU (old)\File.cpp': No such file or directory
  Graphics.cpp
c1xx : fatal error C1083: Cannot open source file: 'Source\env_UBUNTU (old)\Graphics.cpp': No such file or directory
  Generating Code...
C:\Users\stran\Documents\23IN01\Design\Software\BBP\Source\ELSA\Frontend.cpp(188): warning C4715: 'BBP::esa::esaProcessor::setSize': not all control paths return a value
  Compiling...
  Memory.cpp
c1xx : fatal error C1083: Cannot open source file: 'Source\env_UBUNTU (old)\Memory.cpp': No such file or directory
  Start.cpp
c1xx : fatal error C1083: Cannot open source file: 'Source\env_UBUNTU (old)\Start.cpp': No such file or directory
  Terminal.cpp
c1xx : fatal error C1083: Cannot open source file: 'Source\env_UBUNTU (old)\Terminal.cpp': No such file or directory
  Time.cpp
c1xx : fatal error C1083: Cannot open source file: 'Source\env_UBUNTU (old)\Time.cpp': No such file or directory
  tterm.cpp
c1xx : fatal error C1083: Cannot open source file: 'Source\env_UBUNTU (old)\tterm.cpp': No such file or directory
  UEFI.cpp
c1xx : fatal error C1083: Cannot open source file: 'Source\env_UBUNTU (old)\UEFI.cpp': No such file or directory
  BIOS.cpp
c1xx : fatal error C1083: Cannot open source file: 'Source\env_UBUNTU(new)\BIOS.cpp': No such file or directory
  Boot.cpp
c1xx : fatal error C1083: Cannot open source file: 'Source\env_UBUNTU(new)\Boot.cpp': No such file or directory
  BootRecords.cpp
c1xx : fatal error C1083: Cannot open source file: 'Source\env_UBUNTU(new)\BootRecords.cpp': No such file or directory
  DaemonManifest.cpp
c1xx : fatal error C1083: Cannot open source file: 'Source\env_UBUNTU(new)\DaemonManifest.cpp': No such file or directory
  File.cpp
c1xx : fatal error C1083: Cannot open source file: 'Source\env_UBUNTU(new)\File.cpp': No such file or directory
  FileDrivers.cpp
c1xx : fatal error C1083: Cannot open source file: 'Source\env_UBUNTU(new)\FileDrivers.cpp': No such file or directory
  Graphics.cpp
c1xx : fatal error C1083: Cannot open source file: 'Source\env_UBUNTU(new)\Graphics.cpp': No such file or directory
  Keyboard.cpp
c1xx : fatal error C1083: Cannot open source file: 'Source\env_UBUNTU(new)\Keyboard.cpp': No such file or directory
  Memory.cpp
c1xx : fatal error C1083: Cannot open source file: 'Source\env_UBUNTU(new)\Memory.cpp': No such file or directory
  POST.cpp
c1xx : fatal error C1083: Cannot open source file: 'Source\env_UBUNTU(new)\POST.cpp': No such file or directory
  Screen.cpp
c1xx : fatal error C1083: Cannot open source file: 'Source\env_UBUNTU(new)\Screen.cpp': No such file or directory
  Terminal.cpp
c1xx : fatal error C1083: Cannot open source file: 'Source\env_UBUNTU(new)\Terminal.cpp': No such file or directory
  Time.cpp
c1xx : fatal error C1083: Cannot open source file: 'Source\env_UBUNTU(new)\Time.cpp': No such file or directory
  UEFI.cpp
c1xx : fatal error C1083: Cannot open source file: 'Source\env_UBUNTU(new)\UEFI.cpp': No such file or directory
  Generating Code...
  Compiling...
  Dir.cpp
  File.cpp
C:\Users\stran\Documents\23IN01\Design\Software\BBP\Source\include\ELF32.h(182,19): warning C5208: unnamed class used in typedef name cannot declare members other than non-static data members, member enumerations, or member classes
C:\Users\stran\Documents\23IN01\Design\Software\BBP\Source\include\ELF32.h(193,19): warning C5208: unnamed class used in typedef name cannot declare members other than non-static data members, member enumerations, or member classes
C:\Users\stran\Documents\23IN01\Design\Software\BBP\Source\include\ELF32.h(212,19): warning C5208: unnamed class used in typedef name cannot declare members other than non-static data members, member enumerations, or member classes
  Path.cpp
C:\Users\stran\Documents\23IN01\Design\Software\BBP\Source\include\ELF32.h(182,19): warning C5208: unnamed class used in typedef name cannot declare members other than non-static data members, member enumerations, or member classes
C:\Users\stran\Documents\23IN01\Design\Software\BBP\Source\include\ELF32.h(193,19): warning C5208: unnamed class used in typedef name cannot declare members other than non-static data members, member enumerations, or member classes
C:\Users\stran\Documents\23IN01\Design\Software\BBP\Source\include\ELF32.h(212,19): warning C5208: unnamed class used in typedef name cannot declare members other than non-static data members, member enumerations, or member classes
  Path.cpp.bak
C:\Users\stran\Documents\23IN01\Design\Software\BBP\Source\File\Path.cpp.bak(5,56): error C2511: 'BBP::std::PATH::PATH(BBP::std::VOLUME *,BBP::std::string)': overloaded member function not found in 'BBP::std::PATH'
C:\Users\stran\Documents\23IN01\Design\Software\BBP\Source\include\FileSys.h(43): message : see declaration of 'BBP::std::PATH'
C:\Users\stran\Documents\23IN01\Design\Software\BBP\Source\File\Path.cpp.bak(6,1): error C2550: 'BBP::std::PATH::{ctor}': constructor initializer lists are only allowed on constructor definitions
C:\Users\stran\Documents\23IN01\Design\Software\BBP\Source\File\Path.cpp.bak(14,8): error C2039: 'relativeTo': is not a member of 'BBP::std::PATH'
C:\Users\stran\Documents\23IN01\Design\Software\BBP\Source\include\FileSys.h(43): message : see declaration of 'BBP::std::PATH'
C:\Users\stran\Documents\23IN01\Design\Software\BBP\Source\File\Path.cpp.bak(17,25): error C2039: 'activemem': is not a member of 'BBP::std'
C:\Users\stran\Documents\23IN01\Design\Software\BBP\Source\include\FileSys.h(17): message : see declaration of 'BBP::std'
C:\Users\stran\Documents\23IN01\Design\Software\BBP\Source\File\Path.cpp.bak(17,34): error C2065: 'activemem': undeclared identifier
C:\Users\stran\Documents\23IN01\Design\Software\BBP\Source\File\Path.cpp.bak(23,69): error C2065: 'activemem': undeclared identifier
C:\Users\stran\Documents\23IN01\Design\Software\BBP\Source\File\Path.cpp.bak(23,131): error C2440: '<function-style-cast>': cannot convert from 'BBP::std::size_t' to 'BBP::std::string'
C:\Users\stran\Documents\23IN01\Design\Software\BBP\Source\File\Path.cpp.bak(23,131): message : No constructor could take the source type, or constructor overload resolution was ambiguous
C:\Users\stran\Documents\23IN01\Design\Software\BBP\Source\File\Path.cpp.bak(24,67): error C2065: 'activemem': undeclared identifier
C:\Users\stran\Documents\23IN01\Design\Software\BBP\Source\File\Path.cpp.bak(24,129): error C2440: '<function-style-cast>': cannot convert from 'BBP::std::size_t' to 'BBP::std::string'
C:\Users\stran\Documents\23IN01\Design\Software\BBP\Source\File\Path.cpp.bak(24,129): message : No constructor could take the source type, or constructor overload resolution was ambiguous
C:\Users\stran\Documents\23IN01\Design\Software\BBP\Source\File\Path.cpp.bak(31,39): error C2664: 'void BBP::std::write<BBP::std::string_element>(BBP::std::PAGE<BBP::std::string_element> *,T &,BBP::std::index_t)': cannot convert argument 2 from 'char' to 'T &'
          with
          [
              T=BBP::std::string_element
          ]
C:\Users\stran\Documents\23IN01\Design\Software\BBP\Source\include\Memory.hxx(37,16): message : see declaration of 'BBP::std::write'
C:\Users\stran\Documents\23IN01\Design\Software\BBP\Source\File\Path.cpp.bak(32,37): error C2664: 'void BBP::std::write<BBP::std::string_element>(BBP::std::PAGE<BBP::std::string_element> *,T &,BBP::std::index_t)': cannot convert argument 2 from 'char' to 'T &'
          with
          [
              T=BBP::std::string_element
          ]
C:\Users\stran\Documents\23IN01\Design\Software\BBP\Source\include\Memory.hxx(37,16): message : see declaration of 'BBP::std::write'
C:\Users\stran\Documents\23IN01\Design\Software\BBP\Source\File\Path.cpp.bak(33,43): error C2664: 'void BBP::std::write<BBP::std::string_element>(BBP::std::PAGE<BBP::std::string_element> *,T &,BBP::std::index_t)': cannot convert argument 2 from 'char' to 'T &'
          with
          [
              T=BBP::std::string_element
          ]
C:\Users\stran\Documents\23IN01\Design\Software\BBP\Source\include\Memory.hxx(37,16): message : see declaration of 'BBP::std::write'
C:\Users\stran\Documents\23IN01\Design\Software\BBP\Source\File\Path.cpp.bak(34,41): error C2664: 'void BBP::std::write<BBP::std::string_element>(BBP::std::PAGE<BBP::std::string_element> *,T &,BBP::std::index_t)': cannot convert argument 2 from 'char' to 'T &'
          with
          [
              T=BBP::std::string_element
          ]
C:\Users\stran\Documents\23IN01\Design\Software\BBP\Source\include\Memory.hxx(37,16): message : see declaration of 'BBP::std::write'
C:\Users\stran\Documents\23IN01\Design\Software\BBP\Source\File\Path.cpp.bak(61,45): error C2664: 'void BBP::std::write<BBP::std::string_element>(BBP::std::PAGE<BBP::std::string_element> *,T &,BBP::std::index_t)': cannot convert argument 2 from 'char' to 'T &'
          with
          [
              T=BBP::std::string_element
          ]
C:\Users\stran\Documents\23IN01\Design\Software\BBP\Source\include\Memory.hxx(37,16): message : see declaration of 'BBP::std::write'
C:\Users\stran\Documents\23IN01\Design\Software\BBP\Source\File\Path.cpp.bak(62,50): error C2664: 'void BBP::std::write<BBP::std::string_element>(BBP::std::PAGE<BBP::std::string_element> *,T &,BBP::std::index_t)': cannot convert argument 2 from 'char' to 'T &'
          with
          [
              T=BBP::std::string_element
          ]
C:\Users\stran\Documents\23IN01\Design\Software\BBP\Source\include\Memory.hxx(37,16): message : see declaration of 'BBP::std::write'
C:\Users\stran\Documents\23IN01\Design\Software\BBP\Source\File\Path.cpp.bak(99,32): error C2039: 'absolutePath': is not a member of 'BBP::std::PATH'
C:\Users\stran\Documents\23IN01\Design\Software\BBP\Source\include\FileSys.h(43): message : see declaration of 'BBP::std::PATH'
C:\Users\stran\Documents\23IN01\Design\Software\BBP\Source\File\Path.cpp.bak(99,50): error C2039: 'PATH': is not a member of 'std'
C:\Users\stran\Documents\23IN01\Design\Software\BBP\predefined C++ types (compiler internal)(339): message : see declaration of 'std'
C:\Users\stran\Documents\23IN01\Design\Software\BBP\Source\File\Path.cpp.bak(99,55): error C2065: 'PATH': undeclared identifier
C:\Users\stran\Documents\23IN01\Design\Software\BBP\Source\File\Path.cpp.bak(99,56): error C2065: 'dir': undeclared identifier
C:\Users\stran\Documents\23IN01\Design\Software\BBP\Source\File\Path.cpp.bak(100,1): error C2143: syntax error: missing ';' before '{'
C:\Users\stran\Documents\23IN01\Design\Software\BBP\Source\File\Path.cpp.bak(100,1): error C2447: '{': missing function header (old-style formal list?)
C:\Users\stran\Documents\23IN01\Design\Software\BBP\Source\File\Path.cpp.bak(155,33): error C2039: 'sanitize': is not a member of 'BBP::std::PATH'
C:\Users\stran\Documents\23IN01\Design\Software\BBP\Source\include\FileSys.h(43): message : see declaration of 'BBP::std::PATH'
C:\Users\stran\Documents\23IN01\Design\Software\BBP\Source\File\Path.cpp.bak(157,7): error C2039: 'index_t': is not a member of 'std'
C:\Users\stran\Documents\23IN01\Design\Software\BBP\predefined C++ types (compiler internal)(339): message : see declaration of 'std'
C:\Users\stran\Documents\23IN01\Design\Software\BBP\Source\File\Path.cpp.bak(157,15): error C2065: 'index_t': undeclared identifier
C:\Users\stran\Documents\23IN01\Design\Software\BBP\Source\File\Path.cpp.bak(157,15): error C2146: syntax error: missing ';' before identifier 'lastlastSeparator'
C:\Users\stran\Documents\23IN01\Design\Software\BBP\Source\File\Path.cpp.bak(157,15): error C2065: 'lastlastSeparator': undeclared identifier
C:\Users\stran\Documents\23IN01\Design\Software\BBP\Source\File\Path.cpp.bak(158,7): error C2039: 'index_t': is not a member of 'std'
C:\Users\stran\Documents\23IN01\Design\Software\BBP\predefined C++ types (compiler internal)(339): message : see declaration of 'std'
C:\Users\stran\Documents\23IN01\Design\Software\BBP\Source\File\Path.cpp.bak(158,15): error C2065: 'index_t': undeclared identifier
C:\Users\stran\Documents\23IN01\Design\Software\BBP\Source\File\Path.cpp.bak(158,15): error C2146: syntax error: missing ';' before identifier 'lastSeparator'
C:\Users\stran\Documents\23IN01\Design\Software\BBP\Source\File\Path.cpp.bak(158,15): error C2065: 'lastSeparator': undeclared identifier
C:\Users\stran\Documents\23IN01\Design\Software\BBP\Source\File\Path.cpp.bak(160,7): error C2065: 'index_t': undeclared identifier
C:\Users\stran\Documents\23IN01\Design\Software\BBP\Source\File\Path.cpp.bak(160,15): error C2146: syntax error: missing ';' before identifier 'index'
C:\Users\stran\Documents\23IN01\Design\Software\BBP\Source\File\Path.cpp.bak(160,21): error C2143: syntax error: missing ';' before '='
C:\Users\stran\Documents\23IN01\Design\Software\BBP\Source\File\Path.cpp.bak(160,21): error C2143: syntax error: missing ')' before '='
C:\Users\stran\Documents\23IN01\Design\Software\BBP\Source\File\Path.cpp.bak(160,21): error C2059: syntax error: '='
C:\Users\stran\Documents\23IN01\Design\Software\BBP\Source\File\Path.cpp.bak(160,26): error C2065: 'index': undeclared identifier
C:\Users\stran\Documents\23IN01\Design\Software\BBP\Source\File\Path.cpp.bak(160,34): error C2065: '_path': undeclared identifier
C:\Users\stran\Documents\23IN01\Design\Software\BBP\Source\File\Path.cpp.bak(160,50): error C2065: 'index': undeclared identifier
C:\Users\stran\Documents\23IN01\Design\Software\BBP\Source\File\Path.cpp.bak(160,57): error C2059: syntax error: ')'
C:\Users\stran\Documents\23IN01\Design\Software\BBP\Source\File\Path.cpp.bak(163,3): error C2062: type 'char' unexpected
C:\Users\stran\Documents\23IN01\Design\Software\BBP\Source\File\Path.cpp.bak(163,17): error C2039: 'read': is not a member of 'std'
C:\Users\stran\Documents\23IN01\Design\Software\BBP\predefined C++ types (compiler internal)(339): message : see declaration of 'std'
C:\Users\stran\Documents\23IN01\Design\Software\BBP\Source\File\Path.cpp.bak(166,21): error C2039: 'read': is not a member of 'std'
C:\Users\stran\Documents\23IN01\Design\Software\BBP\predefined C++ types (compiler internal)(339): message : see declaration of 'std'
C:\Users\stran\Documents\23IN01\Design\Software\BBP\Source\File\Path.cpp.bak(166,27): error C2065: 'rawPath': undeclared identifier
C:\Users\stran\Documents\23IN01\Design\Software\BBP\Source\File\Path.cpp.bak(166,36): error C2065: 'index': undeclared identifier
C:\Users\stran\Documents\23IN01\Design\Software\BBP\Source\File\Path.cpp.bak(166,25): error C3861: 'read': identifier not found
C:\Users\stran\Documents\23IN01\Design\Software\BBP\Source\File\Path.cpp.bak(173,7): error C2065: 'c': undeclared identifier
C:\Users\stran\Documents\23IN01\Design\Software\BBP\Source\File\Path.cpp.bak(178,15): error C2039: 'index_t': is not a member of 'std'
C:\Users\stran\Documents\23IN01\Design\Software\BBP\predefined C++ types (compiler internal)(339): message : see declaration of 'std'
C:\Users\stran\Documents\23IN01\Design\Software\BBP\Source\File\Path.cpp.bak(178,23): error C2065: 'index_t': undeclared identifier
C:\Users\stran\Documents\23IN01\Design\Software\BBP\Source\File\Path.cpp.bak(178,23): error C2146: syntax error: missing ';' before identifier 'idx'
C:\Users\stran\Documents\23IN01\Design\Software\BBP\Source\File\Path.cpp.bak(178,27): error C2143: syntax error: missing ';' before '='
C:\Users\stran\Documents\23IN01\Design\Software\BBP\Source\File\Path.cpp.bak(178,27): error C2143: syntax error: missing ')' before '='
C:\Users\stran\Documents\23IN01\Design\Software\BBP\Source\File\Path.cpp.bak(178,27): error C2059: syntax error: '='
C:\Users\stran\Documents\23IN01\Design\Software\BBP\Source\File\Path.cpp.bak(178,37): error C2065: 'idx': undeclared identifier
C:\Users\stran\Documents\23IN01\Design\Software\BBP\Source\File\Path.cpp.bak(178,42): error C2059: syntax error: ')'
C:\Users\stran\Documents\23IN01\Design\Software\BBP\Source\File\Path.cpp.bak(180,6): error C2062: type 'char' unexpected
C:\Users\stran\Documents\23IN01\Design\Software\BBP\Source\File\Path.cpp.bak(180,21): error C2039: 'read': is not a member of 'std'
C:\Users\stran\Documents\23IN01\Design\Software\BBP\predefined C++ types (compiler internal)(339): message : see declaration of 'std'
C:\Users\stran\Documents\23IN01\Design\Software\BBP\Source\File\Path.cpp.bak(181,11): error C2039: 'write': is not a member of 'std'
C:\Users\stran\Documents\23IN01\Design\Software\BBP\predefined C++ types (compiler internal)(339): message : see declaration of 'std'
C:\Users\stran\Documents\23IN01\Design\Software\BBP\Source\File\Path.cpp.bak(181,18): error C2065: 'rawPath': undeclared identifier
C:\Users\stran\Documents\23IN01\Design\Software\BBP\Source\File\Path.cpp.bak(181,27): error C2065: 'cc': undeclared identifier
C:\Users\stran\Documents\23IN01\Design\Software\BBP\Source\File\Path.cpp.bak(181,31): error C2065: 'idx': undeclared identifier
C:\Users\stran\Documents\23IN01\Design\Software\BBP\Source\File\Path.cpp.bak(181,16): error C3861: 'write': identifier not found
C:\Users\stran\Documents\23IN01\Design\Software\BBP\Source\File\Path.cpp.bak(182,11): error C2065: 'cc': undeclared identifier
C:\Users\stran\Documents\23IN01\Design\Software\BBP\Source\File\Path.cpp.bak(185,5): error C2065: 'lastlastSeparator': undeclared identifier
C:\Users\stran\Documents\23IN01\Design\Software\BBP\Source\File\Path.cpp.bak(185,25): error C2065: 'lastSeparator': undeclared identifier
C:\Users\stran\Documents\23IN01\Design\Software\BBP\Source\File\Path.cpp.bak(186,5): error C2065: 'lastSeparator': undeclared identifier
C:\Users\stran\Documents\23IN01\Design\Software\BBP\Source\File\Path.cpp.bak(186,21): error C2065: 'index': undeclared identifier
C:\Users\stran\Documents\23IN01\Design\Software\BBP\Source\File\Path.cpp.bak(187,5): error C2355: 'this': can only be referenced inside non-static member functions or non-static data member initializers
C:\Users\stran\Documents\23IN01\Design\Software\BBP\Source\File\Path.cpp.bak(187,32): error C2065: 'index': undeclared identifier
C:\Users\stran\Documents\23IN01\Design\Software\BBP\Source\File\Path.cpp.bak(188,5): error C2065: 'index': undeclared identifier
C:\Users\stran\Documents\23IN01\Design\Software\BBP\Source\File\Path.cpp.bak(193,4): error C2065: 'lastlastSeparator': undeclared identifier
C:\Users\stran\Documents\23IN01\Design\Software\BBP\Source\File\Path.cpp.bak(193,24): error C2065: 'lastSeparator': undeclared identifier
C:\Users\stran\Documents\23IN01\Design\Software\BBP\Source\File\Path.cpp.bak(194,4): error C2065: 'lastSeparator': undeclared identifier
C:\Users\stran\Documents\23IN01\Design\Software\BBP\Source\File\Path.cpp.bak(194,20): error C2065: 'index': undeclared identifier
C:\Users\stran\Documents\23IN01\Design\Software\BBP\Source\File\Path.cpp.bak(195,4): error C2355: 'this': can only be referenced inside non-static member functions or non-static data member initializers
C:\Users\stran\Documents\23IN01\Design\Software\BBP\Source\File\Path.cpp.bak(195,31): error C2065: 'index': undeclared identifier
C:\Users\stran\Documents\23IN01\Design\Software\BBP\Source\File\Path.cpp.bak(170,4): error C2043: illegal break
C:\Users\stran\Documents\23IN01\Design\Software\BBP\Source\File\Path.cpp.bak(196,4): error C2044: illegal continue
C:\Users\stran\Documents\23IN01\Design\Software\BBP\Source\File\Path.cpp.bak(200,3): error C2059: syntax error: 'if'
C:\Users\stran\Documents\23IN01\Design\Software\BBP\Source\File\Path.cpp.bak(206,3): error C2059: syntax error: 'if'
C:\Users\stran\Documents\23IN01\Design\Software\BBP\Source\File\Path.cpp.bak(207,3): error C2143: syntax error: missing ';' before '{'
C:\Users\stran\Documents\23IN01\Design\Software\BBP\Source\File\Path.cpp.bak(207,3): error C2447: '{': missing function header (old-style formal list?)
C:\Users\stran\Documents\23IN01\Design\Software\BBP\Source\File\Path.cpp.bak(219,3): error C2059: syntax error: 'for'
C:\Users\stran\Documents\23IN01\Design\Software\BBP\Source\File\Path.cpp.bak(219,13): error C2039: 'index_t': is not a member of 'std'
C:\Users\stran\Documents\23IN01\Design\Software\BBP\predefined C++ types (compiler internal)(339): message : see declaration of 'std'
C:\Users\stran\Documents\23IN01\Design\Software\BBP\Source\File\Path.cpp.bak(219,28): error C2143: syntax error: missing ')' before ';'
C:\Users\stran\Documents\23IN01\Design\Software\BBP\Source\File\Path.cpp.bak(219,34): error C2143: syntax error: missing ';' before '++'
C:\Users\stran\Documents\23IN01\Design\Software\BBP\Source\File\Path.cpp.bak(219,34): error C4430: missing type specifier - int assumed. Note: C++ does not support default-int
C:\Users\stran\Documents\23IN01\Design\Software\BBP\Source\File\Path.cpp.bak(219,36): error C2059: syntax error: ')'
C:\Users\stran\Documents\23IN01\Design\Software\BBP\Source\File\Path.cpp.bak(220,3): error C2143: syntax error: missing ';' before '{'
C:\Users\stran\Documents\23IN01\Design\Software\BBP\Source\File\Path.cpp.bak(220,3): error C2447: '{': missing function header (old-style formal list?)
C:\Users\stran\Documents\23IN01\Design\Software\BBP\Source\File\Path.cpp.bak(226,23): error C4430: missing type specifier - int assumed. Note: C++ does not support default-int
C:\Users\stran\Documents\23IN01\Design\Software\BBP\Source\File\Path.cpp.bak(227,19): error C4430: missing type specifier - int assumed. Note: C++ does not support default-int
C:\Users\stran\Documents\23IN01\Design\Software\BBP\Source\File\Path.cpp.bak(229,11): error C4430: missing type specifier - int assumed. Note: C++ does not support default-int
C:\Users\stran\Documents\23IN01\Design\Software\BBP\Source\File\Path.cpp.bak(230,2): error C2059: syntax error: '}'
C:\Users\stran\Documents\23IN01\Design\Software\BBP\Source\File\Path.cpp.bak(230,2): error C2143: syntax error: missing ';' before '}'
C:\Users\stran\Documents\23IN01\Design\Software\BBP\Source\File\Path.cpp.bak(234,7): error C2039: 'strcpy': is not a member of 'std'
C:\Users\stran\Documents\23IN01\Design\Software\BBP\predefined C++ types (compiler internal)(339): message : see declaration of 'std'
C:\Users\stran\Documents\23IN01\Design\Software\BBP\Source\File\Path.cpp.bak(237,27): error C2039: 'strlen': is not a member of 'std'
C:\Users\stran\Documents\23IN01\Design\Software\BBP\predefined C++ types (compiler internal)(339): message : see declaration of 'std'
C:\Users\stran\Documents\23IN01\Design\Software\BBP\Source\File\Path.cpp.bak(237,34): error C2065: 'rawPath': undeclared identifier
C:\Users\stran\Documents\23IN01\Design\Software\BBP\Source\File\Path.cpp.bak(237,33): error C3861: 'strlen': identifier not found
C:\Users\stran\Documents\23IN01\Design\Software\BBP\Source\File\Path.cpp.bak(240,2): error C2059: syntax error: 'for'
C:\Users\stran\Documents\23IN01\Design\Software\BBP\Source\File\Path.cpp.bak(240,12): error C2039: 'index_t': is not a member of 'std'
C:\Users\stran\Documents\23IN01\Design\Software\BBP\predefined C++ types (compiler internal)(339): message : see declaration of 'std'
C:\Users\stran\Documents\23IN01\Design\Software\BBP\Source\File\Path.cpp.bak(240,50): error C2143: syntax error: missing ')' before ';'
C:\Users\stran\Documents\23IN01\Design\Software\BBP\Source\File\Path.cpp.bak(240,58): error C2143: syntax error: missing ';' before '<'
C:\Users\stran\Documents\23IN01\Design\Software\BBP\Source\File\Path.cpp.bak(240,58): error C4430: missing type specifier - int assumed. Note: C++ does not support default-int
C:\Users\stran\Documents\23IN01\Design\Software\BBP\Source\File\Path.cpp.bak(240,52): error C2086: 'int index': redefinition
C:\Users\stran\Documents\23IN01\Design\Software\BBP\Source\File\Path.cpp.bak(229): message : see declaration of 'index'
C:\Users\stran\Documents\23IN01\Design\Software\BBP\Source\File\Path.cpp.bak(240,77): error C2143: syntax error: missing ';' before '++'
C:\Users\stran\Documents\23IN01\Design\Software\BBP\Source\File\Path.cpp.bak(240,77): error C4430: missing type specifier - int assumed. Note: C++ does not support default-int
C:\Users\stran\Documents\23IN01\Design\Software\BBP\Source\File\Path.cpp.bak(240,72): error C2086: 'int index': redefinition
C:\Users\stran\Documents\23IN01\Design\Software\BBP\Source\File\Path.cpp.bak(229): message : see declaration of 'index'
C:\Users\stran\Documents\23IN01\Design\Software\BBP\Source\File\Path.cpp.bak(240,77): fatal error C1003: error count exceeds 100; stopping compilation
  Volume.cpp
  Volume.cpp.bak
C:\Users\stran\Documents\23IN01\Design\Software\BBP\Source\File\Volume.cpp.bak(3,40): error C2039: 'root': is not a member of 'BBP::std::VOLUME'
C:\Users\stran\Documents\23IN01\Design\Software\BBP\Source\include\FileSys.h(92): message : see declaration of 'BBP::std::VOLUME'
C:\Users\stran\Documents\23IN01\Design\Software\BBP\Source\File\Volume.cpp.bak(5,9): error C2355: 'this': can only be referenced inside non-static member functions or non-static data member initializers
C:\Users\stran\Documents\23IN01\Design\Software\BBP\Source\File\Volume.cpp.bak(9,1): error C2511: 'BBP::std::VOLUME::VOLUME(BBP::std::conststring)': overloaded member function not found in 'BBP::std::VOLUME'
C:\Users\stran\Documents\23IN01\Design\Software\BBP\Source\include\FileSys.h(92): message : see declaration of 'BBP::std::VOLUME'
C:\Users\stran\Documents\23IN01\Design\Software\BBP\Source\File\Volume.cpp.bak(14,2): error C2671: 'BBP::std::VOLUME::{ctor}': static member functions do not have 'this' pointers
C:\Users\stran\Documents\23IN01\Design\Software\BBP\Source\File\Volume.cpp.bak(14,71): error C2039: 'progmem': is not a member of 'BBP::std'
C:\Users\stran\Documents\23IN01\Design\Software\BBP\Source\include\FileSys.h(17): message : see declaration of 'BBP::std'
C:\Users\stran\Documents\23IN01\Design\Software\BBP\Source\File\Volume.cpp.bak(14,78): error C2065: 'progmem': undeclared identifier
C:\Users\stran\Documents\23IN01\Design\Software\BBP\Source\File\Volume.cpp.bak(14,130): error C2440: '<function-style-cast>': cannot convert from 'BBP::std::size_t' to 'BBP::std::string'
C:\Users\stran\Documents\23IN01\Design\Software\BBP\Source\File\Volume.cpp.bak(14,130): message : No constructor could take the source type, or constructor overload resolution was ambiguous
C:\Users\stran\Documents\23IN01\Design\Software\BBP\Source\File\Volume.cpp.bak(17,15): error C2671: 'BBP::std::VOLUME::{ctor}': static member functions do not have 'this' pointers
C:\Users\stran\Documents\23IN01\Design\Software\BBP\Source\File\Volume.cpp.bak(18,2): error C2671: 'BBP::std::VOLUME::{ctor}': static member functions do not have 'this' pointers
C:\Users\stran\Documents\23IN01\Design\Software\BBP\Source\File\Volume.cpp.bak(21,2): error C2671: 'BBP::std::VOLUME::{ctor}': static member functions do not have 'this' pointers
  Background.cpp
  Box.cpp
  Colours.cpp
  Fill.cpp
  Fonts.cpp
  Frame.cpp
  HRule.cpp
  Line.cpp
  PixelMask.cpp
  Pixels.cpp
  R2D.cpp
  RectPixelMask.cpp
  VRule.cpp
  Stroke.cpp
  Generating Code...
  Compiling...
  Window.cpp
  KernelSubSystems.h
C:\Users\stran\Documents\23IN01\Design\Software\BBP\Source\include\ELF32.h(182,19): warning C5208: unnamed class used in typedef name cannot declare members other than non-static data members, member enumerations, or member classes
C:\Users\stran\Documents\23IN01\Design\Software\BBP\Source\include\ELF32.h(193,19): warning C5208: unnamed class used in typedef name cannot declare members other than non-static data members, member enumerations, or member classes
C:\Users\stran\Documents\23IN01\Design\Software\BBP\Source\include\ELF32.h(212,19): warning C5208: unnamed class used in typedef name cannot declare members other than non-static data members, member enumerations, or member classes
  Lexer.cpp
c1xx : fatal error C1083: Cannot open source file: 'Source\Lexer\Lexer.cpp': No such file or directory
  LuaElf.cpp
c1xx : fatal error C1083: Cannot open source file: 'Source\Lexer\LuaElf.cpp': No such file or directory
  LuaLexer.cpp
c1xx : fatal error C1083: Cannot open source file: 'Source\Lexer\LuaLexer.cpp': No such file or directory
  boot.cpp
c1xx : fatal error C1083: Cannot open source file: 'samples\src\debugger_arm\boot.cpp': No such file or directory
  GraphicsDriver.cpp
c1xx : fatal error C1083: Cannot open source file: 'samples\src\debugger_arm\GraphicsDriver.cpp': No such file or directory
  IO.cpp
c1xx : fatal error C1083: Cannot open source file: 'samples\src\debugger_arm\IO.cpp': No such file or directory
  boot.cpp
c1xx : fatal error C1083: Cannot open source file: 'samples\src\debugger_x86debug\boot.cpp': No such file or directory
  GraphicsDriver.cpp
c1xx : fatal error C1083: Cannot open source file: 'samples\src\debugger_x86debug\GraphicsDriver.cpp': No such file or directory
  IO.cpp
c1xx : fatal error C1083: Cannot open source file: 'samples\src\debugger_x86debug\IO.cpp': No such file or directory
  boot.cpp
c1xx : fatal error C1083: Cannot open source file: 'samples\src\debugger_x86\boot.cpp': No such file or directory
  GraphicsDriver.cpp
c1xx : fatal error C1083: Cannot open source file: 'samples\src\debugger_x86\GraphicsDriver.cpp': No such file or directory
  IO.cpp
c1xx : fatal error C1083: Cannot open source file: 'samples\src\debugger_x86\IO.cpp': No such file or directory
  boot.cpp
c1xx : fatal error C1083: Cannot open source file: 'samples\src\gui_arm\boot.cpp': No such file or directory
  GraphicsDriver.cpp
c1xx : fatal error C1083: Cannot open source file: 'samples\src\gui_arm\GraphicsDriver.cpp': No such file or directory
  IO.cpp
c1xx : fatal error C1083: Cannot open source file: 'samples\src\gui_arm\IO.cpp': No such file or directory
  boot.cpp
c1xx : fatal error C1083: Cannot open source file: 'samples\src\gui_x86debug\boot.cpp': No such file or directory
  GraphicsDriver.cpp
c1xx : fatal error C1083: Cannot open source file: 'samples\src\gui_x86debug\GraphicsDriver.cpp': No such file or directory
  IO.cpp
c1xx : fatal error C1083: Cannot open source file: 'samples\src\gui_x86debug\IO.cpp': No such file or directory
  Generating Code...
  Compiling...
  boot.cpp
c1xx : fatal error C1083: Cannot open source file: 'samples\src\gui_x86\boot.cpp': No such file or directory
  GraphicsDriver.cpp
c1xx : fatal error C1083: Cannot open source file: 'samples\src\gui_x86\GraphicsDriver.cpp': No such file or directory
  IO.cpp
c1xx : fatal error C1083: Cannot open source file: 'samples\src\gui_x86\IO.cpp': No such file or directory
  IO.cpp
c1xx : fatal error C1083: Cannot open source file: 'samples\src\lpp_x86debug\IO.cpp': No such file or directory
  lpp.bak.cpp
c1xx : fatal error C1083: Cannot open source file: 'samples\src\lpp_x86debug\lpp.bak.cpp': No such file or directory
  lpp.cpp
c1xx : fatal error C1083: Cannot open source file: 'samples\src\lpp_x86debug\lpp.cpp': No such file or directory
  IO.cpp
c1xx : fatal error C1083: Cannot open source file: 'samples\src\lpp_x86\IO.cpp': No such file or directory
  lpp.cpp
c1xx : fatal error C1083: Cannot open source file: 'samples\src\lpp_x86\lpp.cpp': No such file or directory
  ELFBuilder.cpp
c1xx : fatal error C1083: Cannot open source file: 'source\elf\ELFBuilder.cpp': No such file or directory
  ELFEmitter.cpp
c1xx : fatal error C1083: Cannot open source file: 'source\elf\ELFEmitter.cpp': No such file or directory
  ELFReader.cpp
c1xx : fatal error C1083: Cannot open source file: 'source\elf\ELFReader.cpp': No such file or directory
  ELFRepair.cpp
c1xx : fatal error C1083: Cannot open source file: 'source\elf\ELFRepair.cpp': No such file or directory
  Lexer.cpp
c1xx : fatal error C1083: Cannot open source file: 'Source\Lexer.bak\Lexer.cpp': No such file or directory
  LuaElf.cpp
c1xx : fatal error C1083: Cannot open source file: 'Source\Lexer.bak\LuaElf.cpp': No such file or directory
  LuaLexer.cpp
c1xx : fatal error C1083: Cannot open source file: 'Source\Lexer.bak\LuaLexer.cpp': No such file or directory
  CommandParser.cpp
c1xx : fatal error C1083: Cannot open source file: 'source\lpp\CommandParser.cpp': No such file or directory
  Configuration.cpp
  Entry.cpp
C:\Users\stran\Documents\23IN01\Design\Software\BBP\Source\include\ELF32.h(182,19): warning C5208: unnamed class used in typedef name cannot declare members other than non-static data members, member enumerations, or member classes
C:\Users\stran\Documents\23IN01\Design\Software\BBP\Source\include\ELF32.h(193,19): warning C5208: unnamed class used in typedef name cannot declare members other than non-static data members, member enumerations, or member classes
C:\Users\stran\Documents\23IN01\Design\Software\BBP\Source\include\ELF32.h(212,19): warning C5208: unnamed class used in typedef name cannot declare members other than non-static data members, member enumerations, or member classes
  Registry.cpp
  Configuration.cpp
C:\Users\stran\Documents\23IN01\Design\Software\BBP\Source\include\ELF32.h(182,19): warning C5208: unnamed class used in typedef name cannot declare members other than non-static data members, member enumerations, or member classes
C:\Users\stran\Documents\23IN01\Design\Software\BBP\Source\include\ELF32.h(193,19): warning C5208: unnamed class used in typedef name cannot declare members other than non-static data members, member enumerations, or member classes
C:\Users\stran\Documents\23IN01\Design\Software\BBP\Source\include\ELF32.h(212,19): warning C5208: unnamed class used in typedef name cannot declare members other than non-static data members, member enumerations, or member classes
  Generating Code...
  Compiling...
  Entry.cpp
  Registry.cpp
  Lexer.cpp
C:\Users\stran\Documents\23IN01\Design\Software\BBP\Source\include\ELF32.h(182,19): warning C5208: unnamed class used in typedef name cannot declare members other than non-static data members, member enumerations, or member classes
C:\Users\stran\Documents\23IN01\Design\Software\BBP\Source\include\ELF32.h(193,19): warning C5208: unnamed class used in typedef name cannot declare members other than non-static data members, member enumerations, or member classes
C:\Users\stran\Documents\23IN01\Design\Software\BBP\Source\include\ELF32.h(212,19): warning C5208: unnamed class used in typedef name cannot declare members other than non-static data members, member enumerations, or member classes
C:\Users\stran\Documents\23IN01\Design\Software\BBP\Source\Parser\Lexer.cpp(741,48): warning C4129: 'e': unrecognized character escape sequence
C:\Users\stran\Documents\23IN01\Design\Software\BBP\Source\Parser\Lexer.cpp(741,70): warning C4129: 'e': unrecognized character escape sequence
C:\Users\stran\Documents\23IN01\Design\Software\BBP\Source\Parser\Lexer.cpp(743,48): warning C4129: 'e': unrecognized character escape sequence
C:\Users\stran\Documents\23IN01\Design\Software\BBP\Source\Parser\Lexer.cpp(745,48): warning C4129: 'e': unrecognized character escape sequence
C:\Users\stran\Documents\23IN01\Design\Software\BBP\Source\Parser\Lexer.cpp(745,72): warning C4129: 'e': unrecognized character escape sequence
C:\Users\stran\Documents\23IN01\Design\Software\BBP\Source\Parser\Lexer.cpp(753,48): warning C4129: 'e': unrecognized character escape sequence
C:\Users\stran\Documents\23IN01\Design\Software\BBP\Source\Parser\Lexer.cpp(753,70): warning C4129: 'e': unrecognized character escape sequence
C:\Users\stran\Documents\23IN01\Design\Software\BBP\Source\Parser\Lexer.cpp(755,48): warning C4129: 'e': unrecognized character escape sequence
C:\Users\stran\Documents\23IN01\Design\Software\BBP\Source\Parser\Lexer.cpp(757,48): warning C4129: 'e': unrecognized character escape sequence
C:\Users\stran\Documents\23IN01\Design\Software\BBP\Source\Parser\Lexer.cpp(757,72): warning C4129: 'e': unrecognized character escape sequence
C:\Users\stran\Documents\23IN01\Design\Software\BBP\Source\Parser\Lexer.cpp(765,48): warning C4129: 'e': unrecognized character escape sequence
C:\Users\stran\Documents\23IN01\Design\Software\BBP\Source\Parser\Lexer.cpp(765,70): warning C4129: 'e': unrecognized character escape sequence
C:\Users\stran\Documents\23IN01\Design\Software\BBP\Source\Parser\Lexer.cpp(767,48): warning C4129: 'e': unrecognized character escape sequence
C:\Users\stran\Documents\23IN01\Design\Software\BBP\Source\Parser\Lexer.cpp(769,48): warning C4129: 'e': unrecognized character escape sequence
C:\Users\stran\Documents\23IN01\Design\Software\BBP\Source\Parser\Lexer.cpp(769,72): warning C4129: 'e': unrecognized character escape sequence
C:\Users\stran\Documents\23IN01\Design\Software\BBP\Source\Parser\Lexer.cpp(777,48): warning C4129: 'e': unrecognized character escape sequence
C:\Users\stran\Documents\23IN01\Design\Software\BBP\Source\Parser\Lexer.cpp(777,74): warning C4129: 'e': unrecognized character escape sequence
C:\Users\stran\Documents\23IN01\Design\Software\BBP\Source\Parser\Lexer.cpp(779,48): warning C4129: 'e': unrecognized character escape sequence
C:\Users\stran\Documents\23IN01\Design\Software\BBP\Source\Parser\Lexer.cpp(781,48): warning C4129: 'e': unrecognized character escape sequence
C:\Users\stran\Documents\23IN01\Design\Software\BBP\Source\Parser\Lexer.cpp(781,76): warning C4129: 'e': unrecognized character escape sequence
C:\Users\stran\Documents\23IN01\Design\Software\BBP\Source\Parser\Lexer.cpp(847,18): warning C4129: 'e': unrecognized character escape sequence
C:\Users\stran\Documents\23IN01\Design\Software\BBP\Source\Parser\Lexer.cpp(849,18): warning C4129: 'e': unrecognized character escape sequence
C:\Users\stran\Documents\23IN01\Design\Software\BBP\Source\Parser\Lexer.cpp(858,58): warning C4129: 'e': unrecognized character escape sequence
C:\Users\stran\Documents\23IN01\Design\Software\BBP\Source\Parser\Lexer.cpp(865,58): warning C4129: 'e': unrecognized character escape sequence
C:\Users\stran\Documents\23IN01\Design\Software\BBP\Source\Parser\Lexer.cpp(923,58): warning C4129: 'e': unrecognized character escape sequence
C:\Users\stran\Documents\23IN01\Design\Software\BBP\Source\Parser\Lexer.cpp(925,58): warning C4129: 'e': unrecognized character escape sequence
C:\Users\stran\Documents\23IN01\Design\Software\BBP\Source\Parser\Lexer.cpp(952,50): warning C4129: 'e': unrecognized character escape sequence
C:\Users\stran\Documents\23IN01\Design\Software\BBP\Source\Parser\Lexer.cpp(971,48): warning C4129: 'e': unrecognized character escape sequence
C:\Users\stran\Documents\23IN01\Design\Software\BBP\Source\Parser\Lexer.cpp(973,48): warning C4129: 'e': unrecognized character escape sequence
C:\Users\stran\Documents\23IN01\Design\Software\BBP\Source\Parser\Lexer.cpp(982,47): warning C4129: 'e': unrecognized character escape sequence
  BinaryExecutables.cpp
C:\Users\stran\Documents\23IN01\Design\Software\BBP\Source\include\ELF32.h(182,19): warning C5208: unnamed class used in typedef name cannot declare members other than non-static data members, member enumerations, or member classes
C:\Users\stran\Documents\23IN01\Design\Software\BBP\Source\include\ELF32.h(193,19): warning C5208: unnamed class used in typedef name cannot declare members other than non-static data members, member enumerations, or member classes
C:\Users\stran\Documents\23IN01\Design\Software\BBP\Source\include\ELF32.h(212,19): warning C5208: unnamed class used in typedef name cannot declare members other than non-static data members, member enumerations, or member classes
  HypervisorFunctors.cpp
C:\Users\stran\Documents\23IN01\Design\Software\BBP\Source\include\ELF32.h(182,19): warning C5208: unnamed class used in typedef name cannot declare members other than non-static data members, member enumerations, or member classes
C:\Users\stran\Documents\23IN01\Design\Software\BBP\Source\include\ELF32.h(193,19): warning C5208: unnamed class used in typedef name cannot declare members other than non-static data members, member enumerations, or member classes
C:\Users\stran\Documents\23IN01\Design\Software\BBP\Source\include\ELF32.h(212,19): warning C5208: unnamed class used in typedef name cannot declare members other than non-static data members, member enumerations, or member classes
  InstructionCycle.cpp
C:\Users\stran\Documents\23IN01\Design\Software\BBP\Source\include\ELF32.h(182,19): warning C5208: unnamed class used in typedef name cannot declare members other than non-static data members, member enumerations, or member classes
C:\Users\stran\Documents\23IN01\Design\Software\BBP\Source\include\ELF32.h(193,19): warning C5208: unnamed class used in typedef name cannot declare members other than non-static data members, member enumerations, or member classes
C:\Users\stran\Documents\23IN01\Design\Software\BBP\Source\include\ELF32.h(212,19): warning C5208: unnamed class used in typedef name cannot declare members other than non-static data members, member enumerations, or member classes
C:\Users\stran\Documents\23IN01\Design\Software\BBP\Source\RAE\InstructionCycle.cpp(134,16): warning C4129: 'e': unrecognized character escape sequence
  lvalue.cpp
C:\Users\stran\Documents\23IN01\Design\Software\BBP\Source\include\ELF32.h(182,19): warning C5208: unnamed class used in typedef name cannot declare members other than non-static data members, member enumerations, or member classes
C:\Users\stran\Documents\23IN01\Design\Software\BBP\Source\include\ELF32.h(193,19): warning C5208: unnamed class used in typedef name cannot declare members other than non-static data members, member enumerations, or member classes
C:\Users\stran\Documents\23IN01\Design\Software\BBP\Source\include\ELF32.h(212,19): warning C5208: unnamed class used in typedef name cannot declare members other than non-static data members, member enumerations, or member classes
  pvalue.cpp
C:\Users\stran\Documents\23IN01\Design\Software\BBP\Source\include\ELF32.h(182,19): warning C5208: unnamed class used in typedef name cannot declare members other than non-static data members, member enumerations, or member classes
C:\Users\stran\Documents\23IN01\Design\Software\BBP\Source\include\ELF32.h(193,19): warning C5208: unnamed class used in typedef name cannot declare members other than non-static data members, member enumerations, or member classes
C:\Users\stran\Documents\23IN01\Design\Software\BBP\Source\include\ELF32.h(212,19): warning C5208: unnamed class used in typedef name cannot declare members other than non-static data members, member enumerations, or member classes
  Registers.cpp
C:\Users\stran\Documents\23IN01\Design\Software\BBP\Source\include\ELF32.h(182,19): warning C5208: unnamed class used in typedef name cannot declare members other than non-static data members, member enumerations, or member classes
C:\Users\stran\Documents\23IN01\Design\Software\BBP\Source\include\ELF32.h(193,19): warning C5208: unnamed class used in typedef name cannot declare members other than non-static data members, member enumerations, or member classes
C:\Users\stran\Documents\23IN01\Design\Software\BBP\Source\include\ELF32.h(212,19): warning C5208: unnamed class used in typedef name cannot declare members other than non-static data members, member enumerations, or member classes
  rvalue.cpp
C:\Users\stran\Documents\23IN01\Design\Software\BBP\Source\include\ELF32.h(182,19): warning C5208: unnamed class used in typedef name cannot declare members other than non-static data members, member enumerations, or member classes
C:\Users\stran\Documents\23IN01\Design\Software\BBP\Source\include\ELF32.h(193,19): warning C5208: unnamed class used in typedef name cannot declare members other than non-static data members, member enumerations, or member classes
C:\Users\stran\Documents\23IN01\Design\Software\BBP\Source\include\ELF32.h(212,19): warning C5208: unnamed class used in typedef name cannot declare members other than non-static data members, member enumerations, or member classes
  StateMachine.cpp
C:\Users\stran\Documents\23IN01\Design\Software\BBP\Source\include\ELF32.h(182,19): warning C5208: unnamed class used in typedef name cannot declare members other than non-static data members, member enumerations, or member classes
C:\Users\stran\Documents\23IN01\Design\Software\BBP\Source\include\ELF32.h(193,19): warning C5208: unnamed class used in typedef name cannot declare members other than non-static data members, member enumerations, or member classes
C:\Users\stran\Documents\23IN01\Design\Software\BBP\Source\include\ELF32.h(212,19): warning C5208: unnamed class used in typedef name cannot declare members other than non-static data members, member enumerations, or member classes
  StateMachineOpcodes.cpp
C:\Users\stran\Documents\23IN01\Design\Software\BBP\Source\include\ELF32.h(182,19): warning C5208: unnamed class used in typedef name cannot declare members other than non-static data members, member enumerations, or member classes
C:\Users\stran\Documents\23IN01\Design\Software\BBP\Source\include\ELF32.h(193,19): warning C5208: unnamed class used in typedef name cannot declare members other than non-static data members, member enumerations, or member classes
C:\Users\stran\Documents\23IN01\Design\Software\BBP\Source\include\ELF32.h(212,19): warning C5208: unnamed class used in typedef name cannot declare members other than non-static data members, member enumerations, or member classes
C:\Users\stran\Documents\23IN01\Design\Software\BBP\Source\RAE\StateMachineOpcodes.cpp(784,40): warning C4805: '|=': unsafe mix of type 'bool' and type 'int' in operation
C:\Users\stran\Documents\23IN01\Design\Software\BBP\Source\RAE\StateMachineOpcodes.cpp(784,40): warning C4805: '|': unsafe mix of type 'bool' and type 'int' in operation
C:\Users\stran\Documents\23IN01\Design\Software\BBP\Source\RAE\StateMachineOpcodes.cpp(788,40): warning C4805: '|=': unsafe mix of type 'bool' and type 'int' in operation
C:\Users\stran\Documents\23IN01\Design\Software\BBP\Source\RAE\StateMachineOpcodes.cpp(788,40): warning C4805: '|': unsafe mix of type 'bool' and type 'int' in operation
C:\Users\stran\Documents\23IN01\Design\Software\BBP\Source\RAE\StateMachineOpcodes.cpp(815,40): warning C4805: '|=': unsafe mix of type 'bool' and type 'int' in operation
C:\Users\stran\Documents\23IN01\Design\Software\BBP\Source\RAE\StateMachineOpcodes.cpp(815,40): warning C4805: '|': unsafe mix of type 'bool' and type 'int' in operation
C:\Users\stran\Documents\23IN01\Design\Software\BBP\Source\RAE\StateMachineOpcodes.cpp(819,40): warning C4805: '|=': unsafe mix of type 'bool' and type 'int' in operation
C:\Users\stran\Documents\23IN01\Design\Software\BBP\Source\RAE\StateMachineOpcodes.cpp(819,40): warning C4805: '|': unsafe mix of type 'bool' and type 'int' in operation
C:\Users\stran\Documents\23IN01\Design\Software\BBP\Source\RAE\StateMachineOpcodes.cpp(823,40): warning C4805: '|=': unsafe mix of type 'bool' and type 'int' in operation
C:\Users\stran\Documents\23IN01\Design\Software\BBP\Source\RAE\StateMachineOpcodes.cpp(823,40): warning C4805: '|': unsafe mix of type 'bool' and type 'int' in operation
  ThreadState.cpp
C:\Users\stran\Documents\23IN01\Design\Software\BBP\Source\include\ELF32.h(182,19): warning C5208: unnamed class used in typedef name cannot declare members other than non-static data members, member enumerations, or member classes
C:\Users\stran\Documents\23IN01\Design\Software\BBP\Source\include\ELF32.h(193,19): warning C5208: unnamed class used in typedef name cannot declare members other than non-static data members, member enumerations, or member classes
C:\Users\stran\Documents\23IN01\Design\Software\BBP\Source\include\ELF32.h(212,19): warning C5208: unnamed class used in typedef name cannot declare members other than non-static data members, member enumerations, or member classes
  xvalue.cpp
C:\Users\stran\Documents\23IN01\Design\Software\BBP\Source\include\ELF32.h(182,19): warning C5208: unnamed class used in typedef name cannot declare members other than non-static data members, member enumerations, or member classes
C:\Users\stran\Documents\23IN01\Design\Software\BBP\Source\include\ELF32.h(193,19): warning C5208: unnamed class used in typedef name cannot declare members other than non-static data members, member enumerations, or member classes
C:\Users\stran\Documents\23IN01\Design\Software\BBP\Source\include\ELF32.h(212,19): warning C5208: unnamed class used in typedef name cannot declare members other than non-static data members, member enumerations, or member classes
  Debug.cpp
c1xx : fatal error C1083: Cannot open source file: 'source\src\Debug.cpp': No such file or directory
  ELF.cpp
C:\Users\stran\Documents\23IN01\Design\Software\BBP\Source\include\ELF32.h(182,19): warning C5208: unnamed class used in typedef name cannot declare members other than non-static data members, member enumerations, or member classes
C:\Users\stran\Documents\23IN01\Design\Software\BBP\Source\include\ELF32.h(193,19): warning C5208: unnamed class used in typedef name cannot declare members other than non-static data members, member enumerations, or member classes
C:\Users\stran\Documents\23IN01\Design\Software\BBP\Source\include\ELF32.h(212,19): warning C5208: unnamed class used in typedef name cannot declare members other than non-static data members, member enumerations, or member classes
  DynamicPage.cpp
  Except.cpp
C:\Users\stran\Documents\23IN01\Design\Software\BBP\Source\include\ELF32.h(182,19): warning C5208: unnamed class used in typedef name cannot declare members other than non-static data members, member enumerations, or member classes
C:\Users\stran\Documents\23IN01\Design\Software\BBP\Source\include\ELF32.h(193,19): warning C5208: unnamed class used in typedef name cannot declare members other than non-static data members, member enumerations, or member classes
C:\Users\stran\Documents\23IN01\Design\Software\BBP\Source\include\ELF32.h(212,19): warning C5208: unnamed class used in typedef name cannot declare members other than non-static data members, member enumerations, or member classes
C:\Users\stran\Documents\23IN01\Design\Software\BBP\Source\stdlib\Except.cpp(17,53): warning C4129: 'e': unrecognized character escape sequence
C:\Users\stran\Documents\23IN01\Design\Software\BBP\Source\stdlib\Except.cpp(17,81): warning C4129: 'e': unrecognized character escape sequence
  Executable.cpp
C:\Users\stran\Documents\23IN01\Design\Software\BBP\Source\include\ELF32.h(182,19): warning C5208: unnamed class used in typedef name cannot declare members other than non-static data members, member enumerations, or member classes
C:\Users\stran\Documents\23IN01\Design\Software\BBP\Source\include\ELF32.h(193,19): warning C5208: unnamed class used in typedef name cannot declare members other than non-static data members, member enumerations, or member classes
C:\Users\stran\Documents\23IN01\Design\Software\BBP\Source\include\ELF32.h(212,19): warning C5208: unnamed class used in typedef name cannot declare members other than non-static data members, member enumerations, or member classes
C:\Users\stran\Documents\23IN01\Design\Software\BBP\Source\stdlib\Executable.cpp(8,56): error C2065: 'shell_main': undeclared identifier
  FileNode.cpp
C:\Users\stran\Documents\23IN01\Design\Software\BBP\Source\include\ELF32.h(182,19): warning C5208: unnamed class used in typedef name cannot declare members other than non-static data members, member enumerations, or member classes
C:\Users\stran\Documents\23IN01\Design\Software\BBP\Source\include\ELF32.h(193,19): warning C5208: unnamed class used in typedef name cannot declare members other than non-static data members, member enumerations, or member classes
C:\Users\stran\Documents\23IN01\Design\Software\BBP\Source\include\ELF32.h(212,19): warning C5208: unnamed class used in typedef name cannot declare members other than non-static data members, member enumerations, or member classes
  Generating Code...
C:\Users\stran\Documents\23IN01\Design\Software\BBP\Source\RAE\xvalue.cpp(95): warning C4715: 'BBP::userspace::xvalue::getOwnVirtualAddress': not all control paths return a value
C:\Users\stran\Documents\23IN01\Design\Software\BBP\Source\RAE\xvalue.cpp(84): warning C4715: 'BBP::userspace::xvalue::getOwnPhysicalAddress': not all control paths return a value
C:\Users\stran\Documents\23IN01\Design\Software\BBP\Source\RAE\xvalue.cpp(106): warning C4715: 'BBP::userspace::xvalue::resolve': not all control paths return a value
C:\Users\stran\Documents\23IN01\Design\Software\BBP\Source\RAE\xvalue.cpp(143): warning C4715: 'BBP::userspace::xvalue::canUserExecuteFrom': not all control paths return a value
C:\Users\stran\Documents\23IN01\Design\Software\BBP\Source\RAE\xvalue.cpp(154): warning C4715: 'BBP::userspace::xvalue::canUserReadFrom': not all control paths return a value
C:\Users\stran\Documents\23IN01\Design\Software\BBP\Source\RAE\xvalue.cpp(165): warning C4715: 'BBP::userspace::xvalue::canUserWriteTo': not all control paths return a value
C:\Users\stran\Documents\23IN01\Design\Software\BBP\Source\RAE\lvalue.cpp(98): warning C4715: 'BBP::userspace::lvalue::getOwnPhysicalAddress': not all control paths return a value
C:\Users\stran\Documents\23IN01\Design\Software\BBP\Source\RAE\lvalue.cpp(125): warning C4715: 'BBP::userspace::lvalue::resolve': not all control paths return a value
  Compiling...
  Resources.cpp
C:\Users\stran\Documents\23IN01\Design\Software\BBP\Source\include\ELF32.h(182,19): warning C5208: unnamed class used in typedef name cannot declare members other than non-static data members, member enumerations, or member classes
C:\Users\stran\Documents\23IN01\Design\Software\BBP\Source\include\ELF32.h(193,19): warning C5208: unnamed class used in typedef name cannot declare members other than non-static data members, member enumerations, or member classes
C:\Users\stran\Documents\23IN01\Design\Software\BBP\Source\include\ELF32.h(212,19): warning C5208: unnamed class used in typedef name cannot declare members other than non-static data members, member enumerations, or member classes
  Start.cpp
c1xx : fatal error C1083: Cannot open source file: 'Source\env (old)\Start.cpp': No such file or directory
  Signal.cpp
C:\Users\stran\Documents\23IN01\Design\Software\BBP\Source\include\ELF32.h(182,19): warning C5208: unnamed class used in typedef name cannot declare members other than non-static data members, member enumerations, or member classes
C:\Users\stran\Documents\23IN01\Design\Software\BBP\Source\include\ELF32.h(193,19): warning C5208: unnamed class used in typedef name cannot declare members other than non-static data members, member enumerations, or member classes
C:\Users\stran\Documents\23IN01\Design\Software\BBP\Source\include\ELF32.h(212,19): warning C5208: unnamed class used in typedef name cannot declare members other than non-static data members, member enumerations, or member classes
  stdint.cpp
  stdio.cpp
  Strings.cpp
  ELF32.cpp
c1xx : fatal error C1083: Cannot open source file: 'Source\stdlib_new\ELF32.cpp': No such file or directory
  ELF64.cpp
c1xx : fatal error C1083: Cannot open source file: 'Source\stdlib_new\ELF64.cpp': No such file or directory
  Except.cpp
c1xx : fatal error C1083: Cannot open source file: 'Source\stdlib_new\Except.cpp': No such file or directory
  mem.cpp
c1xx : fatal error C1083: Cannot open source file: 'Source\stdlib_new\mem.cpp': No such file or directory
  Strings.cpp
c1xx : fatal error C1083: Cannot open source file: 'Source\stdlib_new\Strings.cpp': No such file or directory
  Bootloader.cpp
C:\Users\stran\Documents\23IN01\Design\Software\BBP\Source\include\ELF32.h(182,19): warning C5208: unnamed class used in typedef name cannot declare members other than non-static data members, member enumerations, or member classes
C:\Users\stran\Documents\23IN01\Design\Software\BBP\Source\include\ELF32.h(193,19): warning C5208: unnamed class used in typedef name cannot declare members other than non-static data members, member enumerations, or member classes
C:\Users\stran\Documents\23IN01\Design\Software\BBP\Source\include\ELF32.h(212,19): warning C5208: unnamed class used in typedef name cannot declare members other than non-static data members, member enumerations, or member classes
C:\Users\stran\Documents\23IN01\Design\Software\BBP\Source\System\Bootloader.cpp(100,17): warning C4129: 'e': unrecognized character escape sequence
C:\Users\stran\Documents\23IN01\Design\Software\BBP\Source\System\Bootloader.cpp(101,17): warning C4129: 'e': unrecognized character escape sequence
C:\Users\stran\Documents\23IN01\Design\Software\BBP\Source\System\Bootloader.cpp(111,19): warning C4129: 'e': unrecognized character escape sequence
C:\Users\stran\Documents\23IN01\Design\Software\BBP\Source\System\Bootloader.cpp(115,19): warning C4129: 'e': unrecognized character escape sequence
C:\Users\stran\Documents\23IN01\Design\Software\BBP\Source\System\Bootloader.cpp(119,19): warning C4129: 'e': unrecognized character escape sequence
C:\Users\stran\Documents\23IN01\Design\Software\BBP\Source\System\Bootloader.cpp(121,19): warning C4129: 'e': unrecognized character escape sequence
C:\Users\stran\Documents\23IN01\Design\Software\BBP\Source\System\Bootloader.cpp(124,18): warning C4129: 'e': unrecognized character escape sequence
C:\Users\stran\Documents\23IN01\Design\Software\BBP\Source\System\Bootloader.cpp(231,16): warning C4129: 'e': unrecognized character escape sequence
C:\Users\stran\Documents\23IN01\Design\Software\BBP\Source\System\Bootloader.cpp(242,16): warning C4129: 'e': unrecognized character escape sequence
  BootRecords.cpp
C:\Users\stran\Documents\23IN01\Design\Software\BBP\Source\include\ELF32.h(182,19): warning C5208: unnamed class used in typedef name cannot declare members other than non-static data members, member enumerations, or member classes
C:\Users\stran\Documents\23IN01\Design\Software\BBP\Source\include\ELF32.h(193,19): warning C5208: unnamed class used in typedef name cannot declare members other than non-static data members, member enumerations, or member classes
C:\Users\stran\Documents\23IN01\Design\Software\BBP\Source\include\ELF32.h(212,19): warning C5208: unnamed class used in typedef name cannot declare members other than non-static data members, member enumerations, or member classes
  Daemon.cpp
  Fini.cpp
  HardwareDriver.cpp
C:\Users\stran\Documents\23IN01\Design\Software\BBP\Source\include\ELF32.h(182,19): warning C5208: unnamed class used in typedef name cannot declare members other than non-static data members, member enumerations, or member classes
C:\Users\stran\Documents\23IN01\Design\Software\BBP\Source\include\ELF32.h(193,19): warning C5208: unnamed class used in typedef name cannot declare members other than non-static data members, member enumerations, or member classes
C:\Users\stran\Documents\23IN01\Design\Software\BBP\Source\include\ELF32.h(212,19): warning C5208: unnamed class used in typedef name cannot declare members other than non-static data members, member enumerations, or member classes
  Init.cpp
  Kernel.cpp
C:\Users\stran\Documents\23IN01\Design\Software\BBP\Source\include\ELF32.h(182,19): warning C5208: unnamed class used in typedef name cannot declare members other than non-static data members, member enumerations, or member classes
C:\Users\stran\Documents\23IN01\Design\Software\BBP\Source\include\ELF32.h(193,19): warning C5208: unnamed class used in typedef name cannot declare members other than non-static data members, member enumerations, or member classes
C:\Users\stran\Documents\23IN01\Design\Software\BBP\Source\include\ELF32.h(212,19): warning C5208: unnamed class used in typedef name cannot declare members other than non-static data members, member enumerations, or member classes
  KernelDrivers.cpp
C:\Users\stran\Documents\23IN01\Design\Software\BBP\Source\include\ELF32.h(182,19): warning C5208: unnamed class used in typedef name cannot declare members other than non-static data members, member enumerations, or member classes
C:\Users\stran\Documents\23IN01\Design\Software\BBP\Source\include\ELF32.h(193,19): warning C5208: unnamed class used in typedef name cannot declare members other than non-static data members, member enumerations, or member classes
C:\Users\stran\Documents\23IN01\Design\Software\BBP\Source\include\ELF32.h(212,19): warning C5208: unnamed class used in typedef name cannot declare members other than non-static data members, member enumerations, or member classes
  KernelSetters.cpp
C:\Users\stran\Documents\23IN01\Design\Software\BBP\Source\include\ELF32.h(182,19): warning C5208: unnamed class used in typedef name cannot declare members other than non-static data members, member enumerations, or member classes
C:\Users\stran\Documents\23IN01\Design\Software\BBP\Source\include\ELF32.h(193,19): warning C5208: unnamed class used in typedef name cannot declare members other than non-static data members, member enumerations, or member classes
C:\Users\stran\Documents\23IN01\Design\Software\BBP\Source\include\ELF32.h(212,19): warning C5208: unnamed class used in typedef name cannot declare members other than non-static data members, member enumerations, or member classes
  Generating Code...
C:\Users\stran\Documents\23IN01\Design\Software\BBP\Source\System\KernelSetters.cpp(103): error C4716: 'BBP::system::Kernel::getNextAvailableDriver': must return a value
C:\Users\stran\Documents\23IN01\Design\Software\BBP\Source\System\KernelDrivers.cpp(36): warning C4715: 'BBP::system::Kernel::loadDriver': not all control paths return a value
C:\Users\stran\Documents\23IN01\Design\Software\BBP\Source\System\KernelDrivers.cpp(21): error C4716: 'BBP::system::DeviceDriver::writeData': must return a value
  Compiling...
  KernelSubsystems.cpp
C:\Users\stran\Documents\23IN01\Design\Software\BBP\Source\include\ELF32.h(182,19): warning C5208: unnamed class used in typedef name cannot declare members other than non-static data members, member enumerations, or member classes
C:\Users\stran\Documents\23IN01\Design\Software\BBP\Source\include\ELF32.h(193,19): warning C5208: unnamed class used in typedef name cannot declare members other than non-static data members, member enumerations, or member classes
C:\Users\stran\Documents\23IN01\Design\Software\BBP\Source\include\ELF32.h(212,19): warning C5208: unnamed class used in typedef name cannot declare members other than non-static data members, member enumerations, or member classes
  OS.cpp
C:\Users\stran\Documents\23IN01\Design\Software\BBP\Source\include\ELF32.h(182,19): warning C5208: unnamed class used in typedef name cannot declare members other than non-static data members, member enumerations, or member classes
C:\Users\stran\Documents\23IN01\Design\Software\BBP\Source\include\ELF32.h(193,19): warning C5208: unnamed class used in typedef name cannot declare members other than non-static data members, member enumerations, or member classes
C:\Users\stran\Documents\23IN01\Design\Software\BBP\Source\include\ELF32.h(212,19): warning C5208: unnamed class used in typedef name cannot declare members other than non-static data members, member enumerations, or member classes
  Shell.cpp
C:\Users\stran\Documents\23IN01\Design\Software\BBP\Source\include\ELF32.h(182,19): warning C5208: unnamed class used in typedef name cannot declare members other than non-static data members, member enumerations, or member classes
C:\Users\stran\Documents\23IN01\Design\Software\BBP\Source\include\ELF32.h(193,19): warning C5208: unnamed class used in typedef name cannot declare members other than non-static data members, member enumerations, or member classes
C:\Users\stran\Documents\23IN01\Design\Software\BBP\Source\include\ELF32.h(212,19): warning C5208: unnamed class used in typedef name cannot declare members other than non-static data members, member enumerations, or member classes
C:\Users\stran\Documents\23IN01\Design\Software\BBP\Source\System\Shell.cpp(179,14): warning C4129: 'e': unrecognized character escape sequence
C:\Users\stran\Documents\23IN01\Design\Software\BBP\Source\System\Shell.cpp(180,14): warning C4129: 'e': unrecognized character escape sequence
C:\Users\stran\Documents\23IN01\Design\Software\BBP\Source\System\Shell.cpp(183,14): warning C4129: 'e': unrecognized character escape sequence
  SoftwareDrivers.cpp
C:\Users\stran\Documents\23IN01\Design\Software\BBP\Source\include\ELF32.h(182,19): warning C5208: unnamed class used in typedef name cannot declare members other than non-static data members, member enumerations, or member classes
C:\Users\stran\Documents\23IN01\Design\Software\BBP\Source\include\ELF32.h(193,19): warning C5208: unnamed class used in typedef name cannot declare members other than non-static data members, member enumerations, or member classes
C:\Users\stran\Documents\23IN01\Design\Software\BBP\Source\include\ELF32.h(212,19): warning C5208: unnamed class used in typedef name cannot declare members other than non-static data members, member enumerations, or member classes
  Boot.cpp
c1xx : fatal error C1083: Cannot open source file: 'Tests\Boot.cpp': No such file or directory
  Boot_old.cpp
c1xx : fatal error C1083: Cannot open source file: 'Tests\Boot_old.cpp': No such file or directory
  Generating Code...
